22:39:17 INFO  : Launching XSCT server: xsct.bat -n  -interactive D:\github_project\zyqn\zyqn\ov5640_project_2\vitis\temp_xsdb_launch_script.tcl
22:39:17 INFO  : Registering command handlers for Vitis TCF services
22:39:20 INFO  : XSCT server has started successfully.
22:39:20 INFO  : Platform repository initialization has completed.
22:39:24 INFO  : plnx-install-location is set to ''
22:39:24 INFO  : Successfully done setting XSCT server connection channel  
22:39:24 INFO  : Successfully done query RDI_DATADIR 
22:39:24 INFO  : Successfully done setting workspace for the tool. 
22:40:25 INFO  : Result from executing command 'getProjects': top
22:40:25 INFO  : Result from executing command 'getPlatforms': 
22:40:25 WARN  : An unexpected exception occurred in the module 'platform project logging'
22:40:26 INFO  : Platform 'top' is added to custom repositories.
22:40:33 INFO  : Platform 'top' is added to custom repositories.
22:42:08 INFO  : Result from executing command 'getProjects': top
22:42:08 INFO  : Result from executing command 'getPlatforms': top|D:/github_project/zyqn/zyqn/ov5640_project_2/vitis/top/export/top/top.xpfm
22:42:08 INFO  : Checking for BSP changes to sync application flags for project 'hello'...
22:42:48 INFO  : Connected to target on host '127.0.0.1' and port '3121'.
22:42:49 INFO  : Jtag cable 'Digilent JTAG-HS1 210512180081' is selected.
22:42:49 INFO  : 'jtag frequency' command is executed.
22:42:49 INFO  : Context for 'APU' is selected.
22:42:49 INFO  : System reset is completed.
22:42:52 INFO  : 'after 3000' command is executed.
22:42:52 INFO  : 'targets -set -filter {jtag_cable_name =~ "Digilent JTAG-HS1 210512180081" && level==0 && jtag_device_ctx=="jsn-JTAG-HS1-210512180081-13722093-0"}' command is executed.
22:42:52 INFO  : Device configured successfully with "D:/github_project/zyqn/zyqn/ov5640_project_2/vitis/hello/_ide/bitstream/top.bit"
22:42:53 INFO  : Context for 'APU' is selected.
22:42:53 INFO  : Hardware design and registers information is loaded from 'D:/github_project/zyqn/zyqn/ov5640_project_2/vitis/top/export/top/hw/top.xsa'.
22:42:53 INFO  : 'configparams force-mem-access 1' command is executed.
22:42:53 INFO  : Context for 'APU' is selected.
22:42:53 INFO  : Sourcing of 'D:/github_project/zyqn/zyqn/ov5640_project_2/vitis/hello/_ide/psinit/ps7_init.tcl' is done.
22:42:53 INFO  : 'ps7_init' command is executed.
22:42:53 INFO  : 'ps7_post_config' command is executed.
22:42:53 INFO  : Context for processor 'ps7_cortexa9_0' is selected.
22:42:53 INFO  : The application 'D:/github_project/zyqn/zyqn/ov5640_project_2/vitis/hello/Debug/hello.elf' is downloaded to processor 'ps7_cortexa9_0'.
22:42:53 INFO  : 'configparams force-mem-access 0' command is executed.
22:42:53 INFO  : ----------------XSDB Script----------------
connect -url tcp:127.0.0.1:3121
targets -set -nocase -filter {name =~"APU*"}
rst -system
after 3000
targets -set -filter {jtag_cable_name =~ "Digilent JTAG-HS1 210512180081" && level==0 && jtag_device_ctx=="jsn-JTAG-HS1-210512180081-13722093-0"}
fpga -file D:/github_project/zyqn/zyqn/ov5640_project_2/vitis/hello/_ide/bitstream/top.bit
targets -set -nocase -filter {name =~"APU*"}
loadhw -hw D:/github_project/zyqn/zyqn/ov5640_project_2/vitis/top/export/top/hw/top.xsa -mem-ranges [list {0x40000000 0xbfffffff}] -regs
configparams force-mem-access 1
targets -set -nocase -filter {name =~"APU*"}
source D:/github_project/zyqn/zyqn/ov5640_project_2/vitis/hello/_ide/psinit/ps7_init.tcl
ps7_init
ps7_post_config
targets -set -nocase -filter {name =~ "*A9*#0"}
dow D:/github_project/zyqn/zyqn/ov5640_project_2/vitis/hello/Debug/hello.elf
configparams force-mem-access 0
----------------End of Script----------------

22:42:53 INFO  : Context for processor 'ps7_cortexa9_0' is selected.
22:42:53 INFO  : 'con' command is executed.
22:42:53 INFO  : ----------------XSDB Script (After Launch)----------------
targets -set -nocase -filter {name =~ "*A9*#0"}
con
----------------End of Script----------------

22:42:53 INFO  : Launch script is exported to file 'D:\github_project\zyqn\zyqn\ov5640_project_2\vitis\hello_system\_ide\scripts\systemdebugger_hello_system_standalone.tcl'
22:50:13 INFO  : Hardware specification for platform project 'top' is updated.
22:50:22 INFO  : Result from executing command 'getProjects': top
22:50:23 INFO  : Result from executing command 'getPlatforms': top|D:/github_project/zyqn/zyqn/ov5640_project_2/vitis/top/export/top/top.xpfm
22:50:23 INFO  : Checking for BSP changes to sync application flags for project 'hello'...
22:50:38 ERROR : XSCT server calls should not be made from TCF thread.
java.lang.RuntimeException: XSCT server calls should not be made from TCF thread.
	at com.xilinx.sdk.xsdb.XSDBCommandManager.issueAndWait(XSDBCommandManager.java:391)
	at com.xilinx.sdk.xsdb.XsdbCommandUtils.executeAndRespond(XsdbCommandUtils.java:325)
	at com.xilinx.sdk.hw.internal.HwPlatform.populateDesignProps(HwPlatform.java:522)
	at com.xilinx.sdk.hw.internal.HwPlatform.isZynq(HwPlatform.java:1102)
	at com.xilinx.sdk.hw.internal.HwPlatform.getArchFamily(HwPlatform.java:588)
	at com.xilinx.sdk.tcf.internal.debug.ui.common.BaseLaunchConfigModel.readCrossTriggerModel(BaseLaunchConfigModel.java:174)
	at com.xilinx.sdk.tcf.internal.debug.ui.common.BaseLaunchConfigModel.readAndSetAttributes(BaseLaunchConfigModel.java:156)
	at com.xilinx.sdx.sdsoc.debug.ui.SdsLaunchConfigModel.newInstance(SdsLaunchConfigModel.java:104)
	at com.xilinx.sdx.sdsoc.debug.launch.SdsTcfLaunchDelegate.createConfigModel(SdsTcfLaunchDelegate.java:85)
	at com.xilinx.sdx.sdsoc.debug.launch.SdsTcfLaunchDelegate.generateReports(SdsTcfLaunchDelegate.java:634)
	at com.xilinx.sdx.sdsoc.debug.launch.SdsTcfLaunchDelegate.onDisconnected(SdsTcfLaunchDelegate.java:608)
	at org.eclipse.tcf.internal.debug.ui.model.TCFModelManager$1.onDisconnected(TCFModelManager.java:79)
	at org.eclipse.tcf.internal.debug.model.TCFLaunch.onDisconnected(TCFLaunch.java:532)
	at org.eclipse.tcf.internal.debug.model.TCFLaunch$43.onChannelClosed(TCFLaunch.java:1643)
	at org.eclipse.tcf.core.AbstractChannel$9.run(AbstractChannel.java:858)
	at org.eclipse.tcf.EventQueue.run(EventQueue.java:98)
	at java.base/java.lang.Thread.run(Thread.java:834)
22:50:38 INFO  : Disconnected from the channel tcfchan#2.
22:50:38 INFO  : The hardware specfication used by project 'hello' is out of sync with the platform. Resource files extracted from the hardware specfiication will be updated.
22:50:38 INFO  : The file 'D:\github_project\zyqn\zyqn\ov5640_project_2\vitis\hello\_ide\bitstream\top.bit' stored in project is removed.
22:50:38 INFO  : The updated bitstream files are copied from platform to folder 'D:\github_project\zyqn\zyqn\ov5640_project_2\vitis\hello\_ide\bitstream' in project 'hello'.
22:50:38 INFO  : The file 'D:\github_project\zyqn\zyqn\ov5640_project_2\vitis\hello\_ide\psinit\ps7_init.tcl' stored in project is removed.
22:50:42 INFO  : The updated ps init files are copied from platform to folder 'D:\github_project\zyqn\zyqn\ov5640_project_2\vitis\hello\_ide\psinit' in project 'hello'.
22:50:42 INFO  : Connected to target on host '127.0.0.1' and port '3121'.
22:50:42 INFO  : Jtag cable 'Digilent JTAG-HS1 210512180081' is selected.
22:50:42 INFO  : 'jtag frequency' command is executed.
22:50:42 INFO  : Context for 'APU' is selected.
22:50:42 INFO  : System reset is completed.
22:50:45 INFO  : 'after 3000' command is executed.
22:50:45 INFO  : 'targets -set -filter {jtag_cable_name =~ "Digilent JTAG-HS1 210512180081" && level==0 && jtag_device_ctx=="jsn-JTAG-HS1-210512180081-13722093-0"}' command is executed.
22:50:46 INFO  : Device configured successfully with "D:/github_project/zyqn/zyqn/ov5640_project_2/vitis/hello/_ide/bitstream/top.bit"
22:50:46 INFO  : Context for 'APU' is selected.
22:50:46 INFO  : Hardware design and registers information is loaded from 'D:/github_project/zyqn/zyqn/ov5640_project_2/vitis/top/export/top/hw/top.xsa'.
22:50:46 INFO  : 'configparams force-mem-access 1' command is executed.
22:50:46 INFO  : Context for 'APU' is selected.
22:50:46 INFO  : Sourcing of 'D:/github_project/zyqn/zyqn/ov5640_project_2/vitis/hello/_ide/psinit/ps7_init.tcl' is done.
22:50:46 INFO  : 'ps7_init' command is executed.
22:50:46 INFO  : 'ps7_post_config' command is executed.
22:50:46 INFO  : Context for processor 'ps7_cortexa9_0' is selected.
22:50:46 INFO  : The application 'D:/github_project/zyqn/zyqn/ov5640_project_2/vitis/hello/Debug/hello.elf' is downloaded to processor 'ps7_cortexa9_0'.
22:50:46 INFO  : 'configparams force-mem-access 0' command is executed.
22:50:46 INFO  : ----------------XSDB Script----------------
connect -url tcp:127.0.0.1:3121
targets -set -nocase -filter {name =~"APU*"}
rst -system
after 3000
targets -set -filter {jtag_cable_name =~ "Digilent JTAG-HS1 210512180081" && level==0 && jtag_device_ctx=="jsn-JTAG-HS1-210512180081-13722093-0"}
fpga -file D:/github_project/zyqn/zyqn/ov5640_project_2/vitis/hello/_ide/bitstream/top.bit
targets -set -nocase -filter {name =~"APU*"}
loadhw -hw D:/github_project/zyqn/zyqn/ov5640_project_2/vitis/top/export/top/hw/top.xsa -mem-ranges [list {0x40000000 0xbfffffff}] -regs
configparams force-mem-access 1
targets -set -nocase -filter {name =~"APU*"}
source D:/github_project/zyqn/zyqn/ov5640_project_2/vitis/hello/_ide/psinit/ps7_init.tcl
ps7_init
ps7_post_config
targets -set -nocase -filter {name =~ "*A9*#0"}
dow D:/github_project/zyqn/zyqn/ov5640_project_2/vitis/hello/Debug/hello.elf
configparams force-mem-access 0
----------------End of Script----------------

22:50:46 INFO  : Context for processor 'ps7_cortexa9_0' is selected.
22:50:46 INFO  : 'con' command is executed.
22:50:46 INFO  : ----------------XSDB Script (After Launch)----------------
targets -set -nocase -filter {name =~ "*A9*#0"}
con
----------------End of Script----------------

22:50:46 INFO  : Launch script is exported to file 'D:\github_project\zyqn\zyqn\ov5640_project_2\vitis\hello_system\_ide\scripts\systemdebugger_hello_system_standalone.tcl'
22:52:50 INFO  : Hardware specification for platform project 'top' is updated.
22:52:58 INFO  : Result from executing command 'getProjects': top
22:52:58 INFO  : Result from executing command 'getPlatforms': top|D:/github_project/zyqn/zyqn/ov5640_project_2/vitis/top/export/top/top.xpfm
22:52:58 INFO  : Checking for BSP changes to sync application flags for project 'hello'...
22:53:07 ERROR : XSCT server calls should not be made from TCF thread.
java.lang.RuntimeException: XSCT server calls should not be made from TCF thread.
	at com.xilinx.sdk.xsdb.XSDBCommandManager.issueAndWait(XSDBCommandManager.java:391)
	at com.xilinx.sdk.xsdb.XsdbCommandUtils.executeAndRespond(XsdbCommandUtils.java:325)
	at com.xilinx.sdk.hw.internal.HwPlatform.populateDesignProps(HwPlatform.java:522)
	at com.xilinx.sdk.hw.internal.HwPlatform.isZynq(HwPlatform.java:1102)
	at com.xilinx.sdk.hw.internal.HwPlatform.getArchFamily(HwPlatform.java:588)
	at com.xilinx.sdk.tcf.internal.debug.ui.common.BaseLaunchConfigModel.readCrossTriggerModel(BaseLaunchConfigModel.java:174)
	at com.xilinx.sdk.tcf.internal.debug.ui.common.BaseLaunchConfigModel.readAndSetAttributes(BaseLaunchConfigModel.java:156)
	at com.xilinx.sdx.sdsoc.debug.ui.SdsLaunchConfigModel.newInstance(SdsLaunchConfigModel.java:104)
	at com.xilinx.sdx.sdsoc.debug.launch.SdsTcfLaunchDelegate.createConfigModel(SdsTcfLaunchDelegate.java:85)
	at com.xilinx.sdx.sdsoc.debug.launch.SdsTcfLaunchDelegate.generateReports(SdsTcfLaunchDelegate.java:634)
	at com.xilinx.sdx.sdsoc.debug.launch.SdsTcfLaunchDelegate.onDisconnected(SdsTcfLaunchDelegate.java:608)
	at org.eclipse.tcf.internal.debug.ui.model.TCFModelManager$1.onDisconnected(TCFModelManager.java:79)
	at org.eclipse.tcf.internal.debug.model.TCFLaunch.onDisconnected(TCFLaunch.java:532)
	at org.eclipse.tcf.internal.debug.model.TCFLaunch$43.onChannelClosed(TCFLaunch.java:1643)
	at org.eclipse.tcf.core.AbstractChannel$9.run(AbstractChannel.java:858)
	at org.eclipse.tcf.EventQueue.run(EventQueue.java:98)
	at java.base/java.lang.Thread.run(Thread.java:834)
22:53:07 INFO  : Disconnected from the channel tcfchan#4.
22:53:07 INFO  : The hardware specfication used by project 'hello' is out of sync with the platform. Resource files extracted from the hardware specfiication will be updated.
22:53:07 INFO  : The file 'D:\github_project\zyqn\zyqn\ov5640_project_2\vitis\hello\_ide\bitstream\top.bit' stored in project is removed.
22:53:07 INFO  : The updated bitstream files are copied from platform to folder 'D:\github_project\zyqn\zyqn\ov5640_project_2\vitis\hello\_ide\bitstream' in project 'hello'.
22:53:07 INFO  : The file 'D:\github_project\zyqn\zyqn\ov5640_project_2\vitis\hello\_ide\psinit\ps7_init.tcl' stored in project is removed.
22:53:10 INFO  : The updated ps init files are copied from platform to folder 'D:\github_project\zyqn\zyqn\ov5640_project_2\vitis\hello\_ide\psinit' in project 'hello'.
22:53:10 INFO  : Connected to target on host '127.0.0.1' and port '3121'.
22:53:20 INFO  : ----------------XSDB Script----------------
connect -url tcp:127.0.0.1:3121
----------------End of Script----------------

22:53:20 ERROR : Could not find ARM device on the board for connection 'Local'.
Check if the target is in:
1. Split JTAG - No operations are possible with ARM DAP.
2. Non JTAG bootmode - Bootrom may need time to enable DAP.
Please try again.


Troubleshooting hints:
1. Check whether board is connected to system properly.
2. In case of zynq board, check whether Digilent/Xilinx cable switch settings are correct.
3. If you are using Xilinx Platform Cable USB, ensure that status LED is green.
22:53:29 INFO  : Connected to target on host '127.0.0.1' and port '3121'.
22:53:29 INFO  : Jtag cable 'Digilent JTAG-HS1 210512180081' is selected.
22:53:29 INFO  : 'jtag frequency' command is executed.
22:53:29 INFO  : Context for 'APU' is selected.
22:53:29 INFO  : System reset is completed.
22:53:32 INFO  : 'after 3000' command is executed.
22:53:32 INFO  : 'targets -set -filter {jtag_cable_name =~ "Digilent JTAG-HS1 210512180081" && level==0 && jtag_device_ctx=="jsn-JTAG-HS1-210512180081-13722093-0"}' command is executed.
22:53:33 INFO  : Device configured successfully with "D:/github_project/zyqn/zyqn/ov5640_project_2/vitis/hello/_ide/bitstream/top.bit"
22:53:33 INFO  : Context for 'APU' is selected.
22:53:33 INFO  : Hardware design and registers information is loaded from 'D:/github_project/zyqn/zyqn/ov5640_project_2/vitis/top/export/top/hw/top.xsa'.
22:53:33 INFO  : 'configparams force-mem-access 1' command is executed.
22:53:33 INFO  : Context for 'APU' is selected.
22:53:33 INFO  : Sourcing of 'D:/github_project/zyqn/zyqn/ov5640_project_2/vitis/hello/_ide/psinit/ps7_init.tcl' is done.
22:53:33 INFO  : 'ps7_init' command is executed.
22:53:33 INFO  : 'ps7_post_config' command is executed.
22:53:33 INFO  : Context for processor 'ps7_cortexa9_0' is selected.
22:53:33 INFO  : The application 'D:/github_project/zyqn/zyqn/ov5640_project_2/vitis/hello/Debug/hello.elf' is downloaded to processor 'ps7_cortexa9_0'.
22:53:33 INFO  : 'configparams force-mem-access 0' command is executed.
22:53:33 INFO  : ----------------XSDB Script----------------
connect -url tcp:127.0.0.1:3121
targets -set -nocase -filter {name =~"APU*"}
rst -system
after 3000
targets -set -filter {jtag_cable_name =~ "Digilent JTAG-HS1 210512180081" && level==0 && jtag_device_ctx=="jsn-JTAG-HS1-210512180081-13722093-0"}
fpga -file D:/github_project/zyqn/zyqn/ov5640_project_2/vitis/hello/_ide/bitstream/top.bit
targets -set -nocase -filter {name =~"APU*"}
loadhw -hw D:/github_project/zyqn/zyqn/ov5640_project_2/vitis/top/export/top/hw/top.xsa -mem-ranges [list {0x40000000 0xbfffffff}] -regs
configparams force-mem-access 1
targets -set -nocase -filter {name =~"APU*"}
source D:/github_project/zyqn/zyqn/ov5640_project_2/vitis/hello/_ide/psinit/ps7_init.tcl
ps7_init
ps7_post_config
targets -set -nocase -filter {name =~ "*A9*#0"}
dow D:/github_project/zyqn/zyqn/ov5640_project_2/vitis/hello/Debug/hello.elf
configparams force-mem-access 0
----------------End of Script----------------

22:53:34 INFO  : Context for processor 'ps7_cortexa9_0' is selected.
22:53:34 INFO  : 'con' command is executed.
22:53:34 INFO  : ----------------XSDB Script (After Launch)----------------
targets -set -nocase -filter {name =~ "*A9*#0"}
con
----------------End of Script----------------

22:53:34 INFO  : Launch script is exported to file 'D:\github_project\zyqn\zyqn\ov5640_project_2\vitis\hello_system\_ide\scripts\systemdebugger_hello_system_standalone.tcl'
22:53:49 INFO  : Checking for BSP changes to sync application flags for project 'hello'...
22:53:58 INFO  : Disconnected from the channel tcfchan#6.
22:53:58 INFO  : Connected to target on host '127.0.0.1' and port '3121'.
22:53:59 INFO  : Jtag cable 'Digilent JTAG-HS1 210512180081' is selected.
22:53:59 INFO  : 'jtag frequency' command is executed.
22:53:59 INFO  : Context for 'APU' is selected.
22:53:59 INFO  : System reset is completed.
22:54:02 INFO  : 'after 3000' command is executed.
22:54:02 INFO  : 'targets -set -filter {jtag_cable_name =~ "Digilent JTAG-HS1 210512180081" && level==0 && jtag_device_ctx=="jsn-JTAG-HS1-210512180081-13722093-0"}' command is executed.
22:54:02 INFO  : Device configured successfully with "D:/github_project/zyqn/zyqn/ov5640_project_2/vitis/hello/_ide/bitstream/top.bit"
22:54:02 INFO  : Context for 'APU' is selected.
22:54:02 INFO  : Hardware design and registers information is loaded from 'D:/github_project/zyqn/zyqn/ov5640_project_2/vitis/top/export/top/hw/top.xsa'.
22:54:02 INFO  : 'configparams force-mem-access 1' command is executed.
22:54:02 INFO  : Context for 'APU' is selected.
22:54:02 INFO  : Sourcing of 'D:/github_project/zyqn/zyqn/ov5640_project_2/vitis/hello/_ide/psinit/ps7_init.tcl' is done.
22:54:03 INFO  : 'ps7_init' command is executed.
22:54:03 INFO  : 'ps7_post_config' command is executed.
22:54:03 INFO  : Context for processor 'ps7_cortexa9_0' is selected.
22:54:03 INFO  : The application 'D:/github_project/zyqn/zyqn/ov5640_project_2/vitis/hello/Debug/hello.elf' is downloaded to processor 'ps7_cortexa9_0'.
22:54:03 INFO  : 'configparams force-mem-access 0' command is executed.
22:54:03 INFO  : ----------------XSDB Script----------------
connect -url tcp:127.0.0.1:3121
targets -set -nocase -filter {name =~"APU*"}
rst -system
after 3000
targets -set -filter {jtag_cable_name =~ "Digilent JTAG-HS1 210512180081" && level==0 && jtag_device_ctx=="jsn-JTAG-HS1-210512180081-13722093-0"}
fpga -file D:/github_project/zyqn/zyqn/ov5640_project_2/vitis/hello/_ide/bitstream/top.bit
targets -set -nocase -filter {name =~"APU*"}
loadhw -hw D:/github_project/zyqn/zyqn/ov5640_project_2/vitis/top/export/top/hw/top.xsa -mem-ranges [list {0x40000000 0xbfffffff}] -regs
configparams force-mem-access 1
targets -set -nocase -filter {name =~"APU*"}
source D:/github_project/zyqn/zyqn/ov5640_project_2/vitis/hello/_ide/psinit/ps7_init.tcl
ps7_init
ps7_post_config
targets -set -nocase -filter {name =~ "*A9*#0"}
dow D:/github_project/zyqn/zyqn/ov5640_project_2/vitis/hello/Debug/hello.elf
configparams force-mem-access 0
----------------End of Script----------------

22:54:03 INFO  : Context for processor 'ps7_cortexa9_0' is selected.
22:54:03 INFO  : 'con' command is executed.
22:54:03 INFO  : ----------------XSDB Script (After Launch)----------------
targets -set -nocase -filter {name =~ "*A9*#0"}
con
----------------End of Script----------------

22:54:03 INFO  : Launch script is exported to file 'D:\github_project\zyqn\zyqn\ov5640_project_2\vitis\hello_system\_ide\scripts\systemdebugger_hello_system_standalone.tcl'
22:54:29 INFO  : Disconnected from the channel tcfchan#7.
22:54:29 INFO  : Connected to target on host '127.0.0.1' and port '3121'.
22:54:29 INFO  : Jtag cable 'Digilent JTAG-HS1 210512180081' is selected.
22:54:29 INFO  : 'jtag frequency' command is executed.
22:54:29 INFO  : Context for 'APU' is selected.
22:54:30 INFO  : System reset is completed.
22:54:33 INFO  : 'after 3000' command is executed.
22:54:33 INFO  : 'targets -set -filter {jtag_cable_name =~ "Digilent JTAG-HS1 210512180081" && level==0 && jtag_device_ctx=="jsn-JTAG-HS1-210512180081-13722093-0"}' command is executed.
22:54:33 INFO  : Device configured successfully with "D:/github_project/zyqn/zyqn/ov5640_project_2/vitis/hello/_ide/bitstream/top.bit"
22:54:33 INFO  : Context for 'APU' is selected.
22:54:33 INFO  : Hardware design and registers information is loaded from 'D:/github_project/zyqn/zyqn/ov5640_project_2/vitis/top/export/top/hw/top.xsa'.
22:54:33 INFO  : 'configparams force-mem-access 1' command is executed.
22:54:33 INFO  : Context for 'APU' is selected.
22:54:33 INFO  : Sourcing of 'D:/github_project/zyqn/zyqn/ov5640_project_2/vitis/hello/_ide/psinit/ps7_init.tcl' is done.
22:54:33 INFO  : 'ps7_init' command is executed.
22:54:34 INFO  : 'ps7_post_config' command is executed.
22:54:34 INFO  : Context for processor 'ps7_cortexa9_0' is selected.
22:54:34 INFO  : The application 'D:/github_project/zyqn/zyqn/ov5640_project_2/vitis/hello/Debug/hello.elf' is downloaded to processor 'ps7_cortexa9_0'.
22:54:34 INFO  : 'configparams force-mem-access 0' command is executed.
22:54:34 INFO  : ----------------XSDB Script----------------
connect -url tcp:127.0.0.1:3121
targets -set -nocase -filter {name =~"APU*"}
rst -system
after 3000
targets -set -filter {jtag_cable_name =~ "Digilent JTAG-HS1 210512180081" && level==0 && jtag_device_ctx=="jsn-JTAG-HS1-210512180081-13722093-0"}
fpga -file D:/github_project/zyqn/zyqn/ov5640_project_2/vitis/hello/_ide/bitstream/top.bit
targets -set -nocase -filter {name =~"APU*"}
loadhw -hw D:/github_project/zyqn/zyqn/ov5640_project_2/vitis/top/export/top/hw/top.xsa -mem-ranges [list {0x40000000 0xbfffffff}] -regs
configparams force-mem-access 1
targets -set -nocase -filter {name =~"APU*"}
source D:/github_project/zyqn/zyqn/ov5640_project_2/vitis/hello/_ide/psinit/ps7_init.tcl
ps7_init
ps7_post_config
targets -set -nocase -filter {name =~ "*A9*#0"}
dow D:/github_project/zyqn/zyqn/ov5640_project_2/vitis/hello/Debug/hello.elf
configparams force-mem-access 0
----------------End of Script----------------

22:54:34 INFO  : Context for processor 'ps7_cortexa9_0' is selected.
22:54:34 INFO  : 'con' command is executed.
22:54:34 INFO  : ----------------XSDB Script (After Launch)----------------
targets -set -nocase -filter {name =~ "*A9*#0"}
con
----------------End of Script----------------

22:54:34 INFO  : Launch script is exported to file 'D:\github_project\zyqn\zyqn\ov5640_project_2\vitis\hello_system\_ide\scripts\systemdebugger_hello_system_standalone.tcl'
22:54:48 INFO  : Disconnected from the channel tcfchan#8.
22:54:48 INFO  : Connected to target on host '127.0.0.1' and port '3121'.
22:54:48 INFO  : Jtag cable 'Digilent JTAG-HS1 210512180081' is selected.
22:54:48 INFO  : 'jtag frequency' command is executed.
22:54:48 INFO  : Context for 'APU' is selected.
22:54:48 INFO  : System reset is completed.
22:54:51 INFO  : 'after 3000' command is executed.
22:54:51 INFO  : 'targets -set -filter {jtag_cable_name =~ "Digilent JTAG-HS1 210512180081" && level==0 && jtag_device_ctx=="jsn-JTAG-HS1-210512180081-13722093-0"}' command is executed.
22:54:52 INFO  : Device configured successfully with "D:/github_project/zyqn/zyqn/ov5640_project_2/vitis/hello/_ide/bitstream/top.bit"
22:54:52 INFO  : Context for 'APU' is selected.
22:54:52 INFO  : Hardware design and registers information is loaded from 'D:/github_project/zyqn/zyqn/ov5640_project_2/vitis/top/export/top/hw/top.xsa'.
22:54:52 INFO  : 'configparams force-mem-access 1' command is executed.
22:54:52 INFO  : Context for 'APU' is selected.
22:54:52 INFO  : Sourcing of 'D:/github_project/zyqn/zyqn/ov5640_project_2/vitis/hello/_ide/psinit/ps7_init.tcl' is done.
22:54:52 INFO  : 'ps7_init' command is executed.
22:54:52 INFO  : 'ps7_post_config' command is executed.
22:54:52 INFO  : Context for processor 'ps7_cortexa9_0' is selected.
22:54:52 INFO  : The application 'D:/github_project/zyqn/zyqn/ov5640_project_2/vitis/hello/Debug/hello.elf' is downloaded to processor 'ps7_cortexa9_0'.
22:54:52 INFO  : 'configparams force-mem-access 0' command is executed.
22:54:52 INFO  : ----------------XSDB Script----------------
connect -url tcp:127.0.0.1:3121
targets -set -nocase -filter {name =~"APU*"}
rst -system
after 3000
targets -set -filter {jtag_cable_name =~ "Digilent JTAG-HS1 210512180081" && level==0 && jtag_device_ctx=="jsn-JTAG-HS1-210512180081-13722093-0"}
fpga -file D:/github_project/zyqn/zyqn/ov5640_project_2/vitis/hello/_ide/bitstream/top.bit
targets -set -nocase -filter {name =~"APU*"}
loadhw -hw D:/github_project/zyqn/zyqn/ov5640_project_2/vitis/top/export/top/hw/top.xsa -mem-ranges [list {0x40000000 0xbfffffff}] -regs
configparams force-mem-access 1
targets -set -nocase -filter {name =~"APU*"}
source D:/github_project/zyqn/zyqn/ov5640_project_2/vitis/hello/_ide/psinit/ps7_init.tcl
ps7_init
ps7_post_config
targets -set -nocase -filter {name =~ "*A9*#0"}
dow D:/github_project/zyqn/zyqn/ov5640_project_2/vitis/hello/Debug/hello.elf
configparams force-mem-access 0
----------------End of Script----------------

22:54:52 INFO  : Context for processor 'ps7_cortexa9_0' is selected.
22:54:52 INFO  : 'con' command is executed.
22:54:52 INFO  : ----------------XSDB Script (After Launch)----------------
targets -set -nocase -filter {name =~ "*A9*#0"}
con
----------------End of Script----------------

22:54:52 INFO  : Launch script is exported to file 'D:\github_project\zyqn\zyqn\ov5640_project_2\vitis\hello_system\_ide\scripts\systemdebugger_hello_system_standalone.tcl'
23:10:25 INFO  : Disconnected from the channel tcfchan#9.
