Copyright 1986-2020 Xilinx, Inc. All Rights Reserved.
------------------------------------------------------------------------------------
| Tool Version : Vivado v.2020.2 (win64) Build 3064766 Wed Nov 18 09:12:45 MST 2020
| Date         : Thu Dec 26 01:24:57 2024
| Host         : DESKTOP-3OAFHV8 running 64-bit major release  (build 9200)
| Command      : report_clock_utilization -file top_clock_utilization_routed.rpt
| Design       : top
| Device       : 7z010-clg400
| Speed File   : -1  PRODUCTION 1.12 2019-11-22
| Design State : Routed
------------------------------------------------------------------------------------

Clock Utilization Report

Table of Contents
-----------------
1. Clock Primitive Utilization
2. Global Clock Resources
3. Global Clock Source Details
4. Clock Regions: Key Resource Utilization
5. Clock Regions : Global Clock Summary
6. Device Cell Placement Summary for Global Clock g0
7. Device Cell Placement Summary for Global Clock g1
8. Device Cell Placement Summary for Global Clock g2
9. Device Cell Placement Summary for Global Clock g3
10. Device Cell Placement Summary for Global Clock g4
11. Device Cell Placement Summary for Global Clock g5
12. Device Cell Placement Summary for Global Clock g6
13. Clock Region Cell Placement per Global Clock: Region X0Y0
14. Clock Region Cell Placement per Global Clock: Region X1Y0
15. Clock Region Cell Placement per Global Clock: Region X0Y1
16. Clock Region Cell Placement per Global Clock: Region X1Y1

1. Clock Primitive Utilization
------------------------------

+----------+------+-----------+-----+--------------+--------+
| Type     | Used | Available | LOC | Clock Region | Pblock |
+----------+------+-----------+-----+--------------+--------+
| BUFGCTRL |    7 |        32 |   0 |            0 |      0 |
| BUFH     |    0 |        48 |   0 |            0 |      0 |
| BUFIO    |    0 |         8 |   0 |            0 |      0 |
| BUFMR    |    0 |         4 |   0 |            0 |      0 |
| BUFR     |    0 |         8 |   0 |            0 |      0 |
| MMCM     |    1 |         2 |   0 |            0 |      0 |
| PLL      |    0 |         2 |   0 |            0 |      0 |
+----------+------+-----------+-----+--------------+--------+


2. Global Clock Resources
-------------------------

+-----------+-----------+-----------------+------------+---------------+--------------+-------------------+-------------+-----------------+--------------+------------------------+--------------------------------------------------------------------------+------------------------------------------------+
| Global Id | Source Id | Driver Type/Pin | Constraint | Site          | Clock Region | Load Clock Region | Clock Loads | Non-Clock Loads | Clock Period | Clock                  | Driver Pin                                                               | Net                                            |
+-----------+-----------+-----------------+------------+---------------+--------------+-------------------+-------------+-----------------+--------------+------------------------+--------------------------------------------------------------------------+------------------------------------------------+
| g0        | src0      | BUFG/O          | None       | BUFGCTRL_X0Y0 | n/a          |                 3 |        2418 |               0 |        6.666 | clk_fpga_0             | u_design_1/processing_system7_0/inst/buffer_fclk_clk_0.FCLK_CLK_0_BUFG/O | u_design_1/processing_system7_0/inst/FCLK_CLK0 |
| g1        | src1      | BUFG/O          | None       | BUFGCTRL_X0Y1 | n/a          |                 3 |        1037 |               0 |        6.723 | clk_hdmi_clk_wiz_0_1   | hdmi_clk/inst/clkout2_buf/O                                              | hdmi_clk/inst/clk_hdmi                         |
| g2        | src2      | BUFG/O          | None       | BUFGCTRL_X0Y3 | n/a          |                 2 |         155 |               0 |       13.888 | cam_pclk               | cmos_pclk_i_IBUF_BUFG_inst/O                                             | cmos_pclk_i_IBUF_BUFG                          |
| g3        | src3      | BUFG/O          | None       | BUFGCTRL_X0Y4 | n/a          |                 1 |          89 |               0 |              |                        | i2c_exec_reg_i_2/O                                                       | ikun_ov5640_rx/i2c_dri_clk                     |
| g4        | src4      | BUFG/O          | None       | BUFGCTRL_X0Y5 | n/a          |                 1 |          11 |               0 |       40.000 | clk_sensor_clk_wiz_0_1 | hdmi_clk/inst/clkout1_buf/O                                              | hdmi_clk/inst/clk_sensor                       |
| g5        | src5      | BUFG/O          | None       | BUFGCTRL_X0Y2 | n/a          |                 1 |           8 |               0 |        1.345 | clk_hdmiX5_clk_wiz_0_1 | hdmi_clk/inst/clkout3_buf/O                                              | hdmi_clk/inst/clk_hdmiX5                       |
| g6        | src6      | BUFG/O          | None       | BUFGCTRL_X0Y6 | n/a          |                 1 |           1 |               0 |       20.000 | clkfbout_clk_wiz_0_1   | hdmi_clk/inst/clkf_buf/O                                                 | hdmi_clk/inst/clkfbout_buf_clk_wiz_0           |
+-----------+-----------+-----------------+------------+---------------+--------------+-------------------+-------------+-----------------+--------------+------------------------+--------------------------------------------------------------------------+------------------------------------------------+
* Clock Loads column represents the clock pin loads (pin count)
** Non-Clock Loads column represents the non-clock pin loads (pin count)


3. Global Clock Source Details
------------------------------

+-----------+-----------+---------------------+------------+-----------------+--------------+-------------+-----------------+---------------------+------------------------+-------------------------------------------------------+-------------------------------------------------------------+
| Source Id | Global Id | Driver Type/Pin     | Constraint | Site            | Clock Region | Clock Loads | Non-Clock Loads | Source Clock Period | Source Clock           | Driver Pin                                            | Net                                                         |
+-----------+-----------+---------------------+------------+-----------------+--------------+-------------+-----------------+---------------------+------------------------+-------------------------------------------------------+-------------------------------------------------------------+
| src0      | g0        | PS7/FCLKCLK[0]      | PS7_X0Y0   | PS7_X0Y0        | X0Y1         |           1 |               0 |               6.666 | clk_fpga_0             | u_design_1/processing_system7_0/inst/PS7_i/FCLKCLK[0] | u_design_1/processing_system7_0/inst/FCLK_CLK_unbuffered[0] |
| src1      | g1        | MMCME2_ADV/CLKOUT1  | None       | MMCME2_ADV_X0Y0 | X1Y0         |           1 |               0 |               6.723 | clk_hdmi_clk_wiz_0_1   | hdmi_clk/inst/mmcm_adv_inst/CLKOUT1                   | hdmi_clk/inst/clk_hdmi_clk_wiz_0                            |
| src2      | g2        | IBUF/O              | IOB_X0Y39  | IOB_X0Y39       | X1Y0         |           1 |               0 |              13.888 | cam_pclk               | cmos_pclk_i_IBUF_inst/O                               | cmos_pclk_i_IBUF                                            |
| src3      | g3        | FDPE/Q              | None       | SLICE_X27Y46    | X1Y0         |           1 |               1 |                     |                        | ikun_sensor/ikun_ov5640_rx/u_i2c_driver/dri_clk_reg/Q | ikun_sensor/ikun_ov5640_rx/u_i2c_driver/dri_clk_reg_0       |
| src4      | g4        | MMCME2_ADV/CLKOUT0  | None       | MMCME2_ADV_X0Y0 | X1Y0         |           1 |               0 |              40.000 | clk_sensor_clk_wiz_0_1 | hdmi_clk/inst/mmcm_adv_inst/CLKOUT0                   | hdmi_clk/inst/clk_sensor_clk_wiz_0                          |
| src5      | g5        | MMCME2_ADV/CLKOUT2  | None       | MMCME2_ADV_X0Y0 | X1Y0         |           1 |               0 |               1.345 | clk_hdmiX5_clk_wiz_0_1 | hdmi_clk/inst/mmcm_adv_inst/CLKOUT2                   | hdmi_clk/inst/clk_hdmiX5_clk_wiz_0                          |
| src6      | g6        | MMCME2_ADV/CLKFBOUT | None       | MMCME2_ADV_X0Y0 | X1Y0         |           1 |               0 |              20.000 | clkfbout_clk_wiz_0_1   | hdmi_clk/inst/mmcm_adv_inst/CLKFBOUT                  | hdmi_clk/inst/clkfbout_clk_wiz_0                            |
+-----------+-----------+---------------------+------------+-----------------+--------------+-------------+-----------------+---------------------+------------------------+-------------------------------------------------------+-------------------------------------------------------------+
* Clock Loads column represents the clock pin loads (pin count)
** Non-Clock Loads column represents the non-clock pin loads (pin count)


4. Clock Regions: Key Resource Utilization
------------------------------------------

+-------------------+--------------+--------------+--------------+--------------+--------------+--------------+--------------+--------------+--------------+--------------+--------------+--------------+--------------+--------------+--------------+
|                   | Global Clock |     BUFRs    |    BUFMRs    |    BUFIOs    |     MMCM     |      PLL     |      GT      |      PCI     |    ILOGIC    |    OLOGIC    |      FF      |     LUTM     |    RAMB18    |    RAMB36    |    DSP48E2   |
+-------------------+------+-------+------+-------+------+-------+------+-------+------+-------+------+-------+------+-------+------+-------+------+-------+------+-------+------+-------+------+-------+------+-------+------+-------+------+-------+
| Clock Region Name | Used | Avail | Used | Avail | Used | Avail | Used | Avail | Used | Avail | Used | Avail | Used | Avail | Used | Avail | Used | Avail | Used | Avail | Used | Avail | Used | Avail | Used | Avail | Used | Avail | Used | Avail |
+-------------------+------+-------+------+-------+------+-------+------+-------+------+-------+------+-------+------+-------+------+-------+------+-------+------+-------+------+-------+------+-------+------+-------+------+-------+------+-------+
| X0Y0              |    3 |    12 |    0 |     0 |    0 |     0 |    0 |     0 |    0 |     0 |    0 |     0 |    0 |     0 |    0 |     0 |    0 |     0 |    0 |     0 | 1998 |  1100 |  791 |   400 |    0 |    20 |    6 |    10 |    1 |    20 |
| X1Y0              |    6 |    12 |    0 |     4 |    0 |     2 |    0 |     4 |    1 |     1 |    0 |     1 |    0 |     0 |    0 |     0 |    0 |    50 |    0 |    50 | 1621 |  1100 |  540 |   350 |    2 |    40 |    7 |    20 |    3 |    20 |
| X0Y1              |    1 |    12 |    0 |     0 |    0 |     0 |    0 |     0 |    0 |     0 |    0 |     0 |    0 |     0 |    0 |     0 |    0 |     0 |    0 |     0 |    0 |  1100 |    0 |   400 |    0 |    20 |    0 |    10 |    0 |    20 |
| X1Y1              |    2 |    12 |    0 |     4 |    0 |     2 |    0 |     4 |    0 |     1 |    0 |     1 |    0 |     0 |    0 |     0 |    0 |    50 |    8 |    50 |    0 |  1100 |    0 |   350 |    0 |    40 |    0 |    20 |    0 |    20 |
+-------------------+------+-------+------+-------+------+-------+------+-------+------+-------+------+-------+------+-------+------+-------+------+-------+------+-------+------+-------+------+-------+------+-------+------+-------+------+-------+
* Global Clock column represents track count; while other columns represents cell counts


5. Clock Regions : Global Clock Summary
---------------------------------------

All Modules
+----+----+----+
|    | X0 | X1 |
+----+----+----+
| Y1 |  1 |  2 |
| Y0 |  3 |  6 |
+----+----+----+


6. Device Cell Placement Summary for Global Clock g0
----------------------------------------------------

+-----------+-----------------+-------------------+------------+-------------+---------------+-------------+----------+----------------+----------+------------------------------------------------+
| Global Id | Driver Type/Pin | Driver Region (D) | Clock      | Period (ns) | Waveform (ns) | Slice Loads | IO Loads | Clocking Loads | GT Loads | Net                                            |
+-----------+-----------------+-------------------+------------+-------------+---------------+-------------+----------+----------------+----------+------------------------------------------------+
| g0        | BUFG/O          | n/a               | clk_fpga_0 |       6.666 | {0.000 3.333} |        2379 |        0 |              0 |        0 | u_design_1/processing_system7_0/inst/FCLK_CLK0 |
+-----------+-----------------+-------------------+------------+-------------+---------------+-------------+----------+----------------+----------+------------------------------------------------+
* Slice Loads column represents load cell count of all cell types other than IO, GT and clock resources
** IO Loads column represents load cell count of IO types
*** Clocking Loads column represents load cell count that are clock resources (global clock buffer, MMCM, PLL, etc)
**** GT Loads column represents load cell count of GT types


+----+-------+------+-----------------------+
|    | X0    | X1   | HORIZONTAL PROG DELAY |
+----+-------+------+-----------------------+
| Y1 |     1 |    0 |                     0 |
| Y0 |  1453 |  925 |                     0 |
+----+-------+------+-----------------------+


7. Device Cell Placement Summary for Global Clock g1
----------------------------------------------------

+-----------+-----------------+-------------------+----------------------+-------------+---------------+-------------+----------+----------------+----------+------------------------+
| Global Id | Driver Type/Pin | Driver Region (D) | Clock                | Period (ns) | Waveform (ns) | Slice Loads | IO Loads | Clocking Loads | GT Loads | Net                    |
+-----------+-----------------+-------------------+----------------------+-------------+---------------+-------------+----------+----------------+----------+------------------------+
| g1        | BUFG/O          | n/a               | clk_hdmi_clk_wiz_0_1 |       6.723 | {0.000 3.361} |        1021 |        8 |              0 |        0 | hdmi_clk/inst/clk_hdmi |
+-----------+-----------------+-------------------+----------------------+-------------+---------------+-------------+----------+----------------+----------+------------------------+
* Slice Loads column represents load cell count of all cell types other than IO, GT and clock resources
** IO Loads column represents load cell count of IO types
*** Clocking Loads column represents load cell count that are clock resources (global clock buffer, MMCM, PLL, etc)
**** GT Loads column represents load cell count of GT types


+----+------+------+-----------------------+
|    | X0   | X1   | HORIZONTAL PROG DELAY |
+----+------+------+-----------------------+
| Y1 |    0 |    8 |                     0 |
| Y0 |  409 |  612 |                     0 |
+----+------+------+-----------------------+


8. Device Cell Placement Summary for Global Clock g2
----------------------------------------------------

+-----------+-----------------+-------------------+----------+-------------+---------------+-------------+----------+----------------+----------+-----------------------+
| Global Id | Driver Type/Pin | Driver Region (D) | Clock    | Period (ns) | Waveform (ns) | Slice Loads | IO Loads | Clocking Loads | GT Loads | Net                   |
+-----------+-----------------+-------------------+----------+-------------+---------------+-------------+----------+----------------+----------+-----------------------+
| g2        | BUFG/O          | n/a               | cam_pclk |      13.888 | {0.000 6.944} |         155 |        0 |              0 |        0 | cmos_pclk_i_IBUF_BUFG |
+-----------+-----------------+-------------------+----------+-------------+---------------+-------------+----------+----------------+----------+-----------------------+
* Slice Loads column represents load cell count of all cell types other than IO, GT and clock resources
** IO Loads column represents load cell count of IO types
*** Clocking Loads column represents load cell count that are clock resources (global clock buffer, MMCM, PLL, etc)
**** GT Loads column represents load cell count of GT types


+----+------+----+-----------------------+
|    | X0   | X1 | HORIZONTAL PROG DELAY |
+----+------+----+-----------------------+
| Y1 |    0 |  0 |                     0 |
| Y0 |  153 |  2 |                     0 |
+----+------+----+-----------------------+


9. Device Cell Placement Summary for Global Clock g3
----------------------------------------------------

+-----------+-----------------+-------------------+-------+-------------+---------------+-------------+----------+----------------+----------+----------------------------+
| Global Id | Driver Type/Pin | Driver Region (D) | Clock | Period (ns) | Waveform (ns) | Slice Loads | IO Loads | Clocking Loads | GT Loads | Net                        |
+-----------+-----------------+-------------------+-------+-------------+---------------+-------------+----------+----------------+----------+----------------------------+
| g3        | BUFG/O          | n/a               |       |             |               |          89 |        0 |              0 |        0 | ikun_ov5640_rx/i2c_dri_clk |
+-----------+-----------------+-------------------+-------+-------------+---------------+-------------+----------+----------------+----------+----------------------------+
* Slice Loads column represents load cell count of all cell types other than IO, GT and clock resources
** IO Loads column represents load cell count of IO types
*** Clocking Loads column represents load cell count that are clock resources (global clock buffer, MMCM, PLL, etc)
**** GT Loads column represents load cell count of GT types


+----+----+-----+-----------------------+
|    | X0 | X1  | HORIZONTAL PROG DELAY |
+----+----+-----+-----------------------+
| Y1 |  0 |   0 |                     0 |
| Y0 |  0 |  89 |                     0 |
+----+----+-----+-----------------------+


10. Device Cell Placement Summary for Global Clock g4
-----------------------------------------------------

+-----------+-----------------+-------------------+------------------------+-------------+----------------+-------------+----------+----------------+----------+--------------------------+
| Global Id | Driver Type/Pin | Driver Region (D) | Clock                  | Period (ns) | Waveform (ns)  | Slice Loads | IO Loads | Clocking Loads | GT Loads | Net                      |
+-----------+-----------------+-------------------+------------------------+-------------+----------------+-------------+----------+----------------+----------+--------------------------+
| g4        | BUFG/O          | n/a               | clk_sensor_clk_wiz_0_1 |      40.000 | {0.000 20.000} |          11 |        0 |              0 |        0 | hdmi_clk/inst/clk_sensor |
+-----------+-----------------+-------------------+------------------------+-------------+----------------+-------------+----------+----------------+----------+--------------------------+
* Slice Loads column represents load cell count of all cell types other than IO, GT and clock resources
** IO Loads column represents load cell count of IO types
*** Clocking Loads column represents load cell count that are clock resources (global clock buffer, MMCM, PLL, etc)
**** GT Loads column represents load cell count of GT types


+----+----+-----+-----------------------+
|    | X0 | X1  | HORIZONTAL PROG DELAY |
+----+----+-----+-----------------------+
| Y1 |  0 |   0 |                     0 |
| Y0 |  0 |  11 |                     0 |
+----+----+-----+-----------------------+


11. Device Cell Placement Summary for Global Clock g5
-----------------------------------------------------

+-----------+-----------------+-------------------+------------------------+-------------+---------------+-------------+----------+----------------+----------+--------------------------+
| Global Id | Driver Type/Pin | Driver Region (D) | Clock                  | Period (ns) | Waveform (ns) | Slice Loads | IO Loads | Clocking Loads | GT Loads | Net                      |
+-----------+-----------------+-------------------+------------------------+-------------+---------------+-------------+----------+----------------+----------+--------------------------+
| g5        | BUFG/O          | n/a               | clk_hdmiX5_clk_wiz_0_1 |       1.345 | {0.000 0.672} |           0 |        8 |              0 |        0 | hdmi_clk/inst/clk_hdmiX5 |
+-----------+-----------------+-------------------+------------------------+-------------+---------------+-------------+----------+----------------+----------+--------------------------+
* Slice Loads column represents load cell count of all cell types other than IO, GT and clock resources
** IO Loads column represents load cell count of IO types
*** Clocking Loads column represents load cell count that are clock resources (global clock buffer, MMCM, PLL, etc)
**** GT Loads column represents load cell count of GT types


+----+----+----+-----------------------+
|    | X0 | X1 | HORIZONTAL PROG DELAY |
+----+----+----+-----------------------+
| Y1 |  0 |  8 |                     0 |
| Y0 |  0 |  0 |                     0 |
+----+----+----+-----------------------+


12. Device Cell Placement Summary for Global Clock g6
-----------------------------------------------------

+-----------+-----------------+-------------------+----------------------+-------------+----------------+-------------+----------+----------------+----------+--------------------------------------+
| Global Id | Driver Type/Pin | Driver Region (D) | Clock                | Period (ns) | Waveform (ns)  | Slice Loads | IO Loads | Clocking Loads | GT Loads | Net                                  |
+-----------+-----------------+-------------------+----------------------+-------------+----------------+-------------+----------+----------------+----------+--------------------------------------+
| g6        | BUFG/O          | n/a               | clkfbout_clk_wiz_0_1 |      20.000 | {0.000 10.000} |           0 |        0 |              1 |        0 | hdmi_clk/inst/clkfbout_buf_clk_wiz_0 |
+-----------+-----------------+-------------------+----------------------+-------------+----------------+-------------+----------+----------------+----------+--------------------------------------+
* Slice Loads column represents load cell count of all cell types other than IO, GT and clock resources
** IO Loads column represents load cell count of IO types
*** Clocking Loads column represents load cell count that are clock resources (global clock buffer, MMCM, PLL, etc)
**** GT Loads column represents load cell count of GT types


+----+----+----+-----------------------+
|    | X0 | X1 | HORIZONTAL PROG DELAY |
+----+----+----+-----------------------+
| Y1 |  0 |  0 |                     0 |
| Y0 |  0 |  1 |                     0 |
+----+----+----+-----------------------+


13. Clock Region Cell Placement per Global Clock: Region X0Y0
-------------------------------------------------------------

+-----------+-------+-----------------+------------+-------------+-----------------+------+--------+------+-----+----+------+-----+---------+------------------------------------------------+
| Global Id | Track | Driver Type/Pin | Constraint | Clock Loads | Non-Clock Loads | FF   | LUTRAM | RAMB | DSP | GT | MMCM | PLL | Hard IP | Net                                            |
+-----------+-------+-----------------+------------+-------------+-----------------+------+--------+------+-----+----+------+-----+---------+------------------------------------------------+
| g0        | n/a   | BUFG/O          | None       |        1453 |               0 | 1448 |      2 |    3 |   0 |  0 |    0 |   0 |       0 | u_design_1/processing_system7_0/inst/FCLK_CLK0 |
| g1        | n/a   | BUFG/O          | None       |         409 |               0 |  401 |      2 |    5 |   1 |  0 |    0 |   0 |       0 | hdmi_clk/inst/clk_hdmi                         |
| g2        | n/a   | BUFG/O          | None       |         153 |               0 |  149 |      1 |    3 |   0 |  0 |    0 |   0 |       0 | cmos_pclk_i_IBUF_BUFG                          |
+-----------+-------+-----------------+------------+-------------+-----------------+------+--------+------+-----+----+------+-----+---------+------------------------------------------------+
* Clock Loads column represents the clock pin loads (pin count)
** Non-Clock Loads column represents the non-clock pin loads (pin count)
*** Columns FF, LUTRAM, RAMB through 'Hard IP' represents load cell counts


14. Clock Region Cell Placement per Global Clock: Region X1Y0
-------------------------------------------------------------

+-----------+-------+-----------------+------------+-------------+-----------------+-----+--------+------+-----+----+------+-----+---------+------------------------------------------------+
| Global Id | Track | Driver Type/Pin | Constraint | Clock Loads | Non-Clock Loads | FF  | LUTRAM | RAMB | DSP | GT | MMCM | PLL | Hard IP | Net                                            |
+-----------+-------+-----------------+------------+-------------+-----------------+-----+--------+------+-----+----+------+-----+---------+------------------------------------------------+
| g0        | n/a   | BUFG/O          | None       |         925 |               0 | 920 |      1 |    3 |   0 |  0 |    0 |   0 |       0 | u_design_1/processing_system7_0/inst/FCLK_CLK0 |
| g1        | n/a   | BUFG/O          | None       |         612 |               0 | 599 |      0 |    8 |   3 |  0 |    0 |   0 |       0 | hdmi_clk/inst/clk_hdmi                         |
| g2        | n/a   | BUFG/O          | None       |           2 |               0 |   2 |      0 |    0 |   0 |  0 |    0 |   0 |       0 | cmos_pclk_i_IBUF_BUFG                          |
| g3        | n/a   | BUFG/O          | None       |          89 |               0 |  89 |      0 |    0 |   0 |  0 |    0 |   0 |       0 | ikun_ov5640_rx/i2c_dri_clk                     |
| g4        | n/a   | BUFG/O          | None       |          11 |               0 |  11 |      0 |    0 |   0 |  0 |    0 |   0 |       0 | hdmi_clk/inst/clk_sensor                       |
| g6        | n/a   | BUFG/O          | None       |           1 |               0 |   0 |      0 |    0 |   0 |  0 |    1 |   0 |       0 | hdmi_clk/inst/clkfbout_buf_clk_wiz_0           |
+-----------+-------+-----------------+------------+-------------+-----------------+-----+--------+------+-----+----+------+-----+---------+------------------------------------------------+
* Clock Loads column represents the clock pin loads (pin count)
** Non-Clock Loads column represents the non-clock pin loads (pin count)
*** Columns FF, LUTRAM, RAMB through 'Hard IP' represents load cell counts


15. Clock Region Cell Placement per Global Clock: Region X0Y1
-------------------------------------------------------------

+-----------+-------+-----------------+------------+-------------+-----------------+----+--------+------+-----+----+------+-----+---------+------------------------------------------------+
| Global Id | Track | Driver Type/Pin | Constraint | Clock Loads | Non-Clock Loads | FF | LUTRAM | RAMB | DSP | GT | MMCM | PLL | Hard IP | Net                                            |
+-----------+-------+-----------------+------------+-------------+-----------------+----+--------+------+-----+----+------+-----+---------+------------------------------------------------+
| g0        | n/a   | BUFG/O          | None       |           1 |               0 |  0 |      0 |    0 |   0 |  0 |    0 |   0 |       0 | u_design_1/processing_system7_0/inst/FCLK_CLK0 |
+-----------+-------+-----------------+------------+-------------+-----------------+----+--------+------+-----+----+------+-----+---------+------------------------------------------------+
* Clock Loads column represents the clock pin loads (pin count)
** Non-Clock Loads column represents the non-clock pin loads (pin count)
*** Columns FF, LUTRAM, RAMB through 'Hard IP' represents load cell counts


16. Clock Region Cell Placement per Global Clock: Region X1Y1
-------------------------------------------------------------

+-----------+-------+-----------------+------------+-------------+-----------------+----+--------+------+-----+----+------+-----+---------+--------------------------+
| Global Id | Track | Driver Type/Pin | Constraint | Clock Loads | Non-Clock Loads | FF | LUTRAM | RAMB | DSP | GT | MMCM | PLL | Hard IP | Net                      |
+-----------+-------+-----------------+------------+-------------+-----------------+----+--------+------+-----+----+------+-----+---------+--------------------------+
| g1        | n/a   | BUFG/O          | None       |           8 |               0 |  0 |      0 |    0 |   0 |  0 |    0 |   0 |       0 | hdmi_clk/inst/clk_hdmi   |
| g5        | n/a   | BUFG/O          | None       |           8 |               0 |  0 |      0 |    0 |   0 |  0 |    0 |   0 |       0 | hdmi_clk/inst/clk_hdmiX5 |
+-----------+-------+-----------------+------------+-------------+-----------------+----+--------+------+-----+----+------+-----+---------+--------------------------+
* Clock Loads column represents the clock pin loads (pin count)
** Non-Clock Loads column represents the non-clock pin loads (pin count)
*** Columns FF, LUTRAM, RAMB through 'Hard IP' represents load cell counts



# Location of BUFG Primitives 
set_property LOC BUFGCTRL_X0Y0 [get_cells u_design_1/processing_system7_0/inst/buffer_fclk_clk_0.FCLK_CLK_0_BUFG]
set_property LOC BUFGCTRL_X0Y4 [get_cells i2c_exec_reg_i_2]
set_property LOC BUFGCTRL_X0Y6 [get_cells hdmi_clk/inst/clkf_buf]
set_property LOC BUFGCTRL_X0Y5 [get_cells hdmi_clk/inst/clkout1_buf]
set_property LOC BUFGCTRL_X0Y2 [get_cells hdmi_clk/inst/clkout3_buf]
set_property LOC BUFGCTRL_X0Y1 [get_cells hdmi_clk/inst/clkout2_buf]
set_property LOC BUFGCTRL_X0Y3 [get_cells cmos_pclk_i_IBUF_BUFG_inst]

# Location of IO Primitives which is load of clock spine

# Location of clock ports
set_property LOC IOB_X0Y39 [get_ports cmos_pclk_i]
set_property LOC IOB_X0Y26 [get_ports i_clk_50m]

# Clock net "u_design_1/processing_system7_0/inst/FCLK_CLK0" driven by instance "u_design_1/processing_system7_0/inst/buffer_fclk_clk_0.FCLK_CLK_0_BUFG" located at site "BUFGCTRL_X0Y0"
#startgroup
create_pblock {CLKAG_u_design_1/processing_system7_0/inst/FCLK_CLK0}
add_cells_to_pblock [get_pblocks  {CLKAG_u_design_1/processing_system7_0/inst/FCLK_CLK0}] [get_cells -filter { PRIMITIVE_GROUP != I/O && IS_PRIMITIVE==1 && PRIMITIVE_LEVEL !=INTERNAL } -of_object [get_pins -filter {DIRECTION==IN} -of_objects [get_nets -hierarchical -filter {PARENT=="u_design_1/processing_system7_0/inst/FCLK_CLK0"}]]]
resize_pblock [get_pblocks {CLKAG_u_design_1/processing_system7_0/inst/FCLK_CLK0}] -add {CLOCKREGION_X0Y0:CLOCKREGION_X0Y0 CLOCKREGION_X0Y1:CLOCKREGION_X0Y1 CLOCKREGION_X1Y0:CLOCKREGION_X1Y0}
#endgroup

# Clock net "ikun_ov5640_rx/i2c_dri_clk" driven by instance "i2c_exec_reg_i_2" located at site "BUFGCTRL_X0Y4"
#startgroup
create_pblock {CLKAG_ikun_ov5640_rx/i2c_dri_clk}
add_cells_to_pblock [get_pblocks  {CLKAG_ikun_ov5640_rx/i2c_dri_clk}] [get_cells -filter { PRIMITIVE_GROUP != I/O && IS_PRIMITIVE==1 && PRIMITIVE_LEVEL !=INTERNAL } -of_object [get_pins -filter {DIRECTION==IN} -of_objects [get_nets -hierarchical -filter {PARENT=="ikun_ov5640_rx/i2c_dri_clk"}]]]
resize_pblock [get_pblocks {CLKAG_ikun_ov5640_rx/i2c_dri_clk}] -add {CLOCKREGION_X1Y0:CLOCKREGION_X1Y0}
#endgroup

# Clock net "hdmi_clk/inst/clk_sensor" driven by instance "hdmi_clk/inst/clkout1_buf" located at site "BUFGCTRL_X0Y5"
#startgroup
create_pblock {CLKAG_hdmi_clk/inst/clk_sensor}
add_cells_to_pblock [get_pblocks  {CLKAG_hdmi_clk/inst/clk_sensor}] [get_cells -filter { PRIMITIVE_GROUP != I/O && IS_PRIMITIVE==1 && PRIMITIVE_LEVEL !=INTERNAL } -of_object [get_pins -filter {DIRECTION==IN} -of_objects [get_nets -hierarchical -filter {PARENT=="hdmi_clk/inst/clk_sensor"}]]]
resize_pblock [get_pblocks {CLKAG_hdmi_clk/inst/clk_sensor}] -add {CLOCKREGION_X1Y0:CLOCKREGION_X1Y0}
#endgroup

# Clock net "hdmi_clk/inst/clk_hdmiX5" driven by instance "hdmi_clk/inst/clkout3_buf" located at site "BUFGCTRL_X0Y2"
#startgroup
create_pblock {CLKAG_hdmi_clk/inst/clk_hdmiX5}
add_cells_to_pblock [get_pblocks  {CLKAG_hdmi_clk/inst/clk_hdmiX5}] [get_cells -filter { PRIMITIVE_GROUP != I/O && IS_PRIMITIVE==1 && PRIMITIVE_LEVEL !=INTERNAL } -of_object [get_pins -filter {DIRECTION==IN} -of_objects [get_nets -hierarchical -filter {PARENT=="hdmi_clk/inst/clk_hdmiX5"}]]]
resize_pblock [get_pblocks {CLKAG_hdmi_clk/inst/clk_hdmiX5}] -add {CLOCKREGION_X1Y1:CLOCKREGION_X1Y1}
#endgroup

# Clock net "hdmi_clk/inst/clk_hdmi" driven by instance "hdmi_clk/inst/clkout2_buf" located at site "BUFGCTRL_X0Y1"
#startgroup
create_pblock {CLKAG_hdmi_clk/inst/clk_hdmi}
add_cells_to_pblock [get_pblocks  {CLKAG_hdmi_clk/inst/clk_hdmi}] [get_cells -filter { PRIMITIVE_GROUP != I/O && IS_PRIMITIVE==1 && PRIMITIVE_LEVEL !=INTERNAL } -of_object [get_pins -filter {DIRECTION==IN} -of_objects [get_nets -hierarchical -filter {PARENT=="hdmi_clk/inst/clk_hdmi"}]]]
resize_pblock [get_pblocks {CLKAG_hdmi_clk/inst/clk_hdmi}] -add {CLOCKREGION_X0Y0:CLOCKREGION_X0Y0 CLOCKREGION_X1Y0:CLOCKREGION_X1Y0 CLOCKREGION_X1Y1:CLOCKREGION_X1Y1}
#endgroup

# Clock net "cmos_pclk_i_IBUF_BUFG" driven by instance "cmos_pclk_i_IBUF_BUFG_inst" located at site "BUFGCTRL_X0Y3"
#startgroup
create_pblock {CLKAG_cmos_pclk_i_IBUF_BUFG}
add_cells_to_pblock [get_pblocks  {CLKAG_cmos_pclk_i_IBUF_BUFG}] [get_cells -filter { PRIMITIVE_GROUP != I/O && IS_PRIMITIVE==1 && PRIMITIVE_LEVEL !=INTERNAL } -of_object [get_pins -filter {DIRECTION==IN} -of_objects [get_nets -hierarchical -filter {PARENT=="cmos_pclk_i_IBUF_BUFG"}]]]
resize_pblock [get_pblocks {CLKAG_cmos_pclk_i_IBUF_BUFG}] -add {CLOCKREGION_X0Y0:CLOCKREGION_X0Y0 CLOCKREGION_X1Y0:CLOCKREGION_X1Y0}
#endgroup
