#-----------------------------------------------------------
# Vivado v2020.2 (64-bit)
# SW Build 3064766 on Wed Nov 18 09:12:45 MST 2020
# IP Build 3064653 on Wed Nov 18 14:17:31 MST 2020
# Start of session at: Wed Feb  3 20:09:04 2021
# Process ID: 37776
# Current directory: G:/V2020/S02/02_example_fdma_ddr_20/02_fdma_3buf_test/prj_normal/uisrc/03_ip/uifdma/project_1
# Command line: vivado.exe -gui_launcher_event rodinguilauncherevent46904 G:\V2020\S02\02_example_fdma_ddr_20\02_fdma_3buf_test\prj_normal\uisrc\03_ip\uifdma\project_1\project_1.xpr
# Log file: G:/V2020/S02/02_example_fdma_ddr_20/02_fdma_3buf_test/prj_normal/uisrc/03_ip/uifdma/project_1/vivado.log
# Journal file: G:/V2020/S02/02_example_fdma_ddr_20/02_fdma_3buf_test/prj_normal/uisrc/03_ip/uifdma/project_1\vivado.jou
#-----------------------------------------------------------
start_gui
open_project G:/V2020/S02/02_example_fdma_ddr_20/02_fdma_3buf_test/prj_normal/uisrc/03_ip/uifdma/project_1/project_1.xpr
INFO: [ProjectBase 1-489] The host OS only allows 260 characters in a normal path. The project is stored in a path with more than 80 characters. If you experience issues with IP, Block Designs, or files not being found, please consider moving the project to a location with a shorter path. Alternately consider using the OS subst command to map part of the path to a drive letter.
Current project path is 'G:/V2020/S02/02_example_fdma_ddr_20/02_fdma_3buf_test/prj_normal/uisrc/03_ip/uifdma/project_1'
INFO: [Project 1-313] Project file moved from 'G:/V2020/S02/02_example_fdma_ddr_20/01_fdma_ddr_test/uisrc/03_ip/uifdma/project_1' since last save.
INFO: [filemgmt 56-1] IP Repository Path: Directory not found as 'G:/V2020/v2020/s02/02_example_fdma_ddr_20/02_fdma_3buf_test/prj_normal/uisrc/03_ip/uifdma'; using path 'G:/v2020/s02/02_example_fdma_ddr_20/02_fdma_3buf_test/prj_normal/uisrc/03_ip/uifdma' instead.
WARNING: [filemgmt 56-2] IP Repository Path: Could not find the directory 'G:/V2020/v2020/s01/ch31/fpga_prj/uisrc/03_ip/uiuart', nor could it be found using path 'G:/v2020/s01/ch31/fpga_prj/uisrc/03_ip/uiuart'.
WARNING: [Project 1-312] File not found as 'G:/V2020/S02/02_example_fdma_ddr_20/02_fdma_3buf_test/02_fdma_3buf_test/prj_normal/uisrc/03_ip/uifdma/uiFDMA.v'; using path 'G:/V2020/S02/02_example_fdma_ddr_20/02_fdma_3buf_test/prj_normal/uisrc/03_ip/uifdma/uiFDMA.v' instead.
WARNING: [Project 1-312] File not found as 'G:/V2020/v2020/s02/02_example_fdma_ddr_20/02_fdma_3buf_test/prj_normal/uisrc/03_ip/uifdma/component.xml'; using path 'G:/v2020/s02/02_example_fdma_ddr_20/02_fdma_3buf_test/prj_normal/uisrc/03_ip/uifdma/component.xml' instead.
Scanning sources...
Finished scanning sources
INFO: [IP_Flow 19-234] Refreshing IP repositories
INFO: [IP_Flow 19-1700] Loaded user IP repository 'g:/v2020/s02/02_example_fdma_ddr_20/02_fdma_3buf_test/prj_normal/uisrc/03_ip/uifdma'.
WARNING: [IP_Flow 19-2248] Failed to load user IP repository 'g:/V2020/v2020/s01/ch31/fpga_prj/uisrc/03_ip/uiuart'; Can't find the specified path.
If this directory should no longer be in your list of user repositories, go to the IP Settings dialog and remove it.
INFO: [IP_Flow 19-2313] Loaded Vivado IP repository 'D:/Xilinx/Vivado/2020.2/data/ip'.
update_compile_order -fileset sources_1
ipx::open_ipxact_file {G:\v2020\s02\02_example_fdma_ddr_20\02_fdma_3buf_test\prj_normal\uisrc\03_ip\uifdma\component.xml}
WARNING: [IP_Flow 19-5226] Project source file 'g:/v2020/s02/02_example_fdma_ddr_20/02_fdma_3buf_test/prj_normal/uisrc/03_ip/uifdma/component.xml' ignored by IP packager.
WARNING: [IP_Flow 19-3898] File Group 'xilinx_anylanguagesynthesis (Synthesis)': File 'g:/v2020/s02/02_example_fdma_ddr_20/02_fdma_3buf_test/prj_normal/uisrc/03_ip/uifdma/uiFDMA.v' is not found in the project sources. It will be removed from the packaged IP when the sources are merged. If still required, please add this file to the project and re-package.
WARNING: [IP_Flow 19-3898] File Group 'xilinx_anylanguagebehavioralsimulation (Simulation)': File 'g:/v2020/s02/02_example_fdma_ddr_20/02_fdma_3buf_test/prj_normal/uisrc/03_ip/uifdma/uiFDMA.v' is not found in the project sources. It will be removed from the packaged IP when the sources are merged. If still required, please add this file to the project and re-package.
exit
INFO: [Common 17-206] Exiting Vivado at Wed Feb  3 20:10:58 2021...
