#-----------------------------------------------------------
# Vivado v2020.2 (64-bit)
# SW Build 3064766 on Wed Nov 18 09:12:45 MST 2020
# IP Build 3064653 on Wed Nov 18 14:17:31 MST 2020
# Start of session at: Wed Dec 25 20:33:00 2024
# Process ID: 37736
# Current directory: D:/github_project/zyqn/zyqn/V08_Zynq7020_OV5640_Resize_HDMI/project_1
# Command line: vivado.exe -gui_launcher_event rodinguilauncherevent37564 D:\github_project\zyqn\zyqn\V08_Zynq7020_OV5640_Resize_HDMI\project_1\project_1.xpr
# Log file: D:/github_project/zyqn/zyqn/V08_Zynq7020_OV5640_Resize_HDMI/project_1/vivado.log
# Journal file: D:/github_project/zyqn/zyqn/V08_Zynq7020_OV5640_Resize_HDMI/project_1\vivado.jou
#-----------------------------------------------------------
start_gui
exit
INFO: [Common 17-206] Exiting Vivado at Wed Dec 25 20:33:36 2024...
project_1/project_1.xpr
INFO: [Project 1-313] Project file moved from 'F:/Video_scaler/V08_Zynq7020_OV5640_Resize_HDMI/project_1' since last save.
WARNING: [filemgmt 56-3] Board Part Repository Path: Could not find the directory 'C:/Users/wiat/AppData/Roaming/Xilinx/Vivado/2019.1/xhub/board_store'.
Scanning sources...
Finished scanning sources
WARNING: [Project 1-509] GeneratedRun file for 'synth_1' not found
WARNING: [Project 1-509] GeneratedRun file for 'impl_1' not found
INFO: [IP_Flow 19-234] Refreshing IP repositories
INFO: [IP_Flow 19-1700] Loaded user IP repository 'd:/github_project/zyqn/zyqn/V08_Zynq7020_OV5640_Resize_HDMI/helai_ip/uifdma'.
INFO: [IP_Flow 19-2313] Loaded Vivado IP repository 'D:/Xilinx/Vivado/2020.2/data/ip'.
WARNING: [BD 41-1661] One or more IPs have been locked in the design 'design_1.bd'. Please run report_ip_status for more details and recommendations on how to fix this issue.
List of locked IPs:
design_1_axi_interconnect_0_0
design_1_s00_data_fifo_0
design_1_auto_ds_0
design_1_auto_pc_0

WARNING: [IP_Flow 19-2162] IP 'clk_wiz_0' is locked:
* IP definition 'Clocking Wizard (6.0)' for IP 'clk_wiz_0' (customized with software release 2019.1) has a different revision in the IP Catalog.
WARNING: [IP_Flow 19-2162] IP 'w_fifo' is locked:
* IP definition 'FIFO Generator (13.2)' for IP 'w_fifo' (customized with software release 2019.1) has a different revision in the IP Catalog.
WARNING: [IP_Flow 19-2162] IP 'r_fifo' is locked:
* IP definition 'FIFO Generator (13.2)' for IP 'r_fifo' (customized with software release 2019.1) has a different revision in the IP Catalog.
WARNING: [IP_Flow 19-2162] IP 'resize_fifo' is locked:
* IP definition 'FIFO Generator (13.2)' for IP 'resize_fifo' (customized with software release 2019.1) has a different revision in the IP Catalog.
INFO: [Project 1-230] Project 'project_1.xpr' upgraded for this version of Vivado.
open_project: Time (s): cpu = 00:00:06 ; elapsed = 00:00:14 . Memory (MB): peak = 1101.328 ; gain = 0.000
report_ip_status -name ip_status 
update_compile_order -fileset sources_1
exit
INFO: [Common 17-206] Exiting Vivado at Wed Dec 25 20:33:41 2024...
