#-----------------------------------------------------------
# Vivado v2020.2 (64-bit)
# SW Build 3064766 on Wed Nov 18 09:12:45 MST 2020
# IP Build 3064653 on Wed Nov 18 14:17:31 MST 2020
# Start of session at: Tue Dec 31 23:36:10 2024
# Process ID: 5232
# Current directory: D:/github_project/zyqn/zyqn/ov5640_project_2
# Command line: vivado.exe -gui_launcher_event rodinguilauncherevent22116 D:\github_project\zyqn\zyqn\ov5640_project_2\ov5640_project_2.xpr
# Log file: D:/github_project/zyqn/zyqn/ov5640_project_2/vivado.log
# Journal file: D:/github_project/zyqn/zyqn/ov5640_project_2\vivado.jou
#-----------------------------------------------------------
start_gui
open_project D:/github_project/zyqn/zyqn/ov5640_project_2/ov5640_project_2.xpr
IWARNING: [filemgmt 56-3] Board Part Repository Path: Could not fINFO: [Common 17-344] 'open_project' was cancelled
exit
INFO: [Common 17-206] Exiting Vivado at Tue Dec 31 23:36:40 2024...
ng sources
INFO: [IP_Flow 19-234] Refreshing IP repositories
INFO: [IP_Flow 19-1700] Loaded user IP repository 'd:/github_project/zyqn/zyqn/V08_Zynq7020_OV5640_Resize_HDMI/helai_ip/uifdma'.
INFO: [IP_Flow 19-2313] Loaded Vivado IP repository 'D:/Xilinx/Vivado/2020.2/data/ip'.
open_project: Time (s): cpu = 00:00:06 ; elapsed = 00:00:13 . Memory (MB): peak = 1112.617 ; gain = 0.000
update_compile_order -fileset sources_1
exit
INFO: [Common 17-206] Exiting Vivado at Wed Jan  1 00:49:37 2025...
