#-----------------------------------------------------------
# Vivado v2020.2 (64-bit)
# SW Build 3064766 on Wed Nov 18 09:12:45 MST 2020
# IP Build 3064653 on Wed Nov 18 14:17:31 MST 2020
# Start of session at: Sun Jan  5 22:36:31 2025
# Process ID: 43660
# Current directory: D:/github_project/zyqn/zyqn/ov5640_project_2
# Command line: vivado.exe -gui_launcher_event rodinguilauncherevent12784 D:\github_project\zyqn\zyqn\ov5640_project_2\ov5640_project_2.xpr
# Log file: D:/github_project/zyqn/zyqn/ov5640_project_2/vivado.log
# Journal file: D:/github_project/zyqn/zyqn/ov5640_project_2\vivado.jou
#-----------------------------------------------------------
start_gui
open_project D:/github_project/zyqn/zyqn/ov5640_project_2/ov5640_project_2.xpr
WARNING: [filemgmt 56-3] Board Part Repository Path: Could not find the directory 'C:/Users/wiat/AppData/Roaming/Xilinx/Vivado/2019.1/xhub/board_store'.
Scanning sources...
Finished scanning sources
INFO: [IP_Flow 19-234] Refreshing IP repositories
INFO: [IP_Flow 19-1700] Loaded user IP repository 'd:/github_project/zyqn/zyqn/V08_Zynq7020_OV5640_Resize_HDMI/helai_ip/uifdma'.
INFO: [IP_Flow 19-2313] Loaded Vivado IP repository 'D:/Xilinx/Vivado/2020.2/data/ip'.
open_project: Time (s): cpu = 00:00:06 ; elapsed = 00:00:11 . Memory (MB): peak = 1134.598 ; gain = 0.000
update_compile_order -fileset sources_1
exit
INFO: [Common 17-206] Exiting Vivado at Mon Jan  6 00:05:35 2025...
