#-----------------------------------------------------------
# Vivado v2020.2 (64-bit)
# SW Build 3064766 on Wed Nov 18 09:12:45 MST 2020
# IP Build 3064653 on Wed Nov 18 14:17:31 MST 2020
# Start of session at: Wed Dec 25 21:13:48 2024
# Process ID: 37104
# Current directory: D:/github_project/zyqn/zyqn/ov5640_project_2
# Command line: vivado.exe -gui_launcher_event rodinguilauncherevent41964 D:\github_project\zyqn\zyqn\ov5640_project_2\ov5640_project_2.xpr
# Log file: D:/github_project/zyqn/zyqn/ov5640_project_2/vivado.log
# Journal file: D:/github_project/zyqn/zyqn/ov5640_project_2\vivado.jou
#-----------------------------------------------------------
start_gui
open_project D:/github_project/zyqn/zyqn/ov5640_project_2/ov5640_project_2.xpr
WARNING: [filemgmt 56-3] Board Part Repository Path: Could not find the directory 'C:/Users/wiat/AppData/Roaming/Xilinx/Vivado/2019.1/xhub/board_store'.
Scanning sources...
Finished scanning sources
INFO: [IP_Flow 19-234] Refreshing IP repositories
INFO: [IP_Flow 19-1700] Loaded user IP repository 'd:/github_project/zyqn/zyqn/V08_Zynq7020_OV5640_Resize_HDMI/helai_ip/uifdma'.
INFO: [IP_Flow 19-2313] Loaded Vivado IP repository 'D:/Xilinx/Vivado/2020.2/data/ip'.
open_project: Time (s): cpu = 00:00:05 ; elapsed = 00:00:06 . Memory (MB): peak = 1135.734 ; gain = 0.000
update_compile_order -fileset sources_1
reset_run impl_2 -prev_step 
launch_runs impl_2 -to_step write_bitstream -jobs 10
[Wed Dec 25 21:14:27 2024] Launched impl_2...
Run output will be captured here: D:/github_project/zyqn/zyqn/ov5640_project_2/ov5640_project_2.runs/impl_2/runme.log
open_run impl_2
INFO: [Device 21-403] Loading part xc7z010clg400-1
Netlist sorting complete. Time (s): cpu = 00:00:01 ; elapsed = 00:00:00.198 . Memory (MB): peak = 1366.566 ; gain = 0.000
INFO: [Netlist 29-17] Analyzing 411 Unisim elements for replacement
INFO: [Netlist 29-28] Unisim Transformation completed in 0 CPU seconds
INFO: [Project 1-479] Netlist was created with Vivado 2020.2
INFO: [Project 1-570] Preparing netlist for logic optimization
INFO: [Timing 38-478] Restoring timing data from binary archive.
INFO: [Timing 38-479] Binary timing data restore complete.
INFO: [Project 1-856] Restoring constraints from binary archive.
INFO: [Project 1-853] Binary constraint restore complete.
Reading XDEF placement.
Reading placer database...
Reading XDEF routing.
Read XDEF File: Time (s): cpu = 00:00:01 ; elapsed = 00:00:00.616 . Memory (MB): peak = 2041.883 ; gain = 0.000
Restored from archive | CPU: 1.000000 secs | Memory: 0.000000 MB |
Finished XDEF File Restore: Time (s): cpu = 00:00:01 ; elapsed = 00:00:00.617 . Memory (MB): peak = 2041.883 ; gain = 0.000
Netlist sorting complete. Time (s): cpu = 00:00:00 ; elapsed = 00:00:00.003 . Memory (MB): peak = 2041.883 ; gain = 0.000
INFO: [Project 1-111] Unisim Transformation Summary:
  A total of 36 instances were transformed.
  RAM32M => RAM32M (RAMD32(x6), RAMS32(x2)): 35 instances
  RAM32X1D => RAM32X1D (RAMD32(x2)): 1 instance 

open_run: Time (s): cpu = 00:00:19 ; elapsed = 00:00:17 . Memory (MB): peak = 2172.629 ; gain = 1036.895
CRITICAL WARNING: [Timing 38-282] The design failed to meet the timing requirements. Please see the timing summary report for details on the timing violations.
WARNING: [Timing 38-436] There are set_bus_skew constraint(s) in this design. Please run report_bus_skew to ensure that bus skew requirements are met.
open_hw_manager
connect_hw_server -allow_non_jtag
INFO: [Labtools 27-2285] Connecting to hw_server url TCP:localhost:3121
INFO: [Labtools 27-2222] Launching hw_server...
INFO: [Labtools 27-2221] Launch Output:

****** Xilinx hw_server v2020.2
  **** Build date : Nov 18 2020 at 10:01:48
    ** Copyright 1986-2020 Xilinx, Inc. All Rights Reserved.


INFO: [Labtools 27-3415] Connecting to cs_server url TCP:localhost:3042
INFO: [Labtools 27-3417] Launching cs_server...
INFO: [Labtools 27-2221] Launch Output:


******** Xilinx cs_server v2020.2
  ****** Build date   : Nov 04 2020-05:02:56
    **** Build number : 2020.2.1604437376
      ** Copyright 2017-2020 Xilinx, Inc. All Rights Reserved.



connect_hw_server: Time (s): cpu = 00:00:01 ; elapsed = 00:00:09 . Memory (MB): peak = 2317.273 ; gain = 0.000
open_hw_target
INFO: [Labtoolstcl 44-466] Opening hw_target localhost:3121/xilinx_tcf/Digilent/210512180081
open_hw_target: Time (s): cpu = 00:00:04 ; elapsed = 00:00:06 . Memory (MB): peak = 3843.547 ; gain = 1526.273
set_property PROGRAM.FILE {D:/github_project/zyqn/zyqn/ov5640_project_2/ov5640_project_2.runs/impl_2/top.bit} [get_hw_devices xc7z010_1]
current_hw_device [get_hw_devices xc7z010_1]
refresh_hw_device -update_hw_probes false [lindex [get_hw_devices xc7z010_1] 0]
INFO: [Labtools 27-1435] Device xc7z010 (JTAG device index = 1) is not programmed (DONE status = 0).
set_property PROBES.FILE {} [get_hw_devices xc7z010_1]
set_property FULL_PROBES.FILE {} [get_hw_devices xc7z010_1]
set_property PROGRAM.FILE {D:/github_project/zyqn/zyqn/ov5640_project_2/ov5640_project_2.runs/impl_2/top.bit} [get_hw_devices xc7z010_1]
program_hw_devices [get_hw_devices xc7z010_1]
INFO: [Labtools 27-3164] End of startup status: HIGH
refresh_hw_device [lindex [get_hw_devices xc7z010_1] 0]
INFO: [Labtools 27-1434] Device xc7z010 (JTAG device index = 1) is programmed with a design that has no supported debug core(s) in it.
ERROR: [Labtoolstcl 44-513] HW Target shutdown. Closing target: localhost:3121/xilinx_tcf/Digilent/210512180081
INFO: [Labtoolstcl 44-466] Opening hw_target localhost:3121/xilinx_tcf/Digilent/210512180081
WARNING: [Labtoolstcl 44-129] No matching hw_ila_data was found.
INFO: [Labtools 27-1435] Device xc7z010 (JTAG device index = 1) is not programmed (DONE status = 0).
WARNING: [Labtoolstcl 44-129] No matching hw_ila_data was found.
set_property PROBES.FILE {} [get_hw_devices xc7z010_1]
set_property FULL_PROBES.FILE {} [get_hw_devices xc7z010_1]
set_property PROGRAM.FILE {D:/github_project/zyqn/zyqn/ov5640_project_2/ov5640_project_2.runs/impl_2/top.bit} [get_hw_devices xc7z010_1]
program_hw_devices [get_hw_devices xc7z010_1]
INFO: [Labtools 27-3164] End of startup status: HIGH
refresh_hw_device [lindex [get_hw_devices xc7z010_1] 0]
INFO: [Labtools 27-1434] Device xc7z010 (JTAG device index = 1) is programmed with a design that has no supported debug core(s) in it.
ERROR: [Labtoolstcl 44-513] HW Target shutdown. Closing target: localhost:3121/xilinx_tcf/Digilent/210512180081
INFO: [Labtoolstcl 44-466] Opening hw_target localhost:3121/xilinx_tcf/Digilent/210512180081
WARNING: [Labtoolstcl 44-129] No matching hw_ila_data was found.
INFO: [Labtools 27-1435] Device xc7z010 (JTAG device index = 1) is not programmed (DONE status = 0).
WARNING: [Labtoolstcl 44-129] No matching hw_ila_data was found.
set_property PROBES.FILE {} [get_hw_devices xc7z010_1]
set_property FULL_PROBES.FILE {} [get_hw_devices xc7z010_1]
set_property PROGRAM.FILE {D:/github_project/zyqn/zyqn/ov5640_project_2/ov5640_project_2.runs/impl_2/top.bit} [get_hw_devices xc7z010_1]
program_hw_devices [get_hw_devices xc7z010_1]
INFO: [Labtools 27-3164] End of startup status: HIGH
refresh_hw_device [lindex [get_hw_devices xc7z010_1] 0]
INFO: [Labtools 27-1434] Device xc7z010 (JTAG device index = 1) is programmed with a design that has no supported debug core(s) in it.
set_property PROBES.FILE {} [get_hw_devices xc7z010_1]
set_property FULL_PROBES.FILE {} [get_hw_devices xc7z010_1]
set_property PROGRAM.FILE {D:/github_project/zyqn/zyqn/ov5640_project_2/ov5640_project_2.runs/impl_2/top.bit} [get_hw_devices xc7z010_1]
program_hw_devices [get_hw_devices xc7z010_1]
INFO: [Labtools 27-3164] End of startup status: HIGH
refresh_hw_device [lindex [get_hw_devices xc7z010_1] 0]
INFO: [Labtools 27-1434] Device xc7z010 (JTAG device index = 1) is programmed with a design that has no supported debug core(s) in it.
refresh_hw_device [lindex [get_hw_devices xc7z010_1] 0]
INFO: [Labtools 27-1434] Device xc7z010 (JTAG device index = 1) is programmed with a design that has no supported debug core(s) in it.
ERROR: [Labtoolstcl 44-513] HW Target shutdown. Closing target: localhost:3121/xilinx_tcf/Digilent/210512180081
close_hw_manager
INFO: [Vivado 12-8231] Launching Vitis
INFO: [Vivado 12-417] Running vitis
INFO: [Vivado 12-8232] Vitis launch initiated. Please check console for any further messages.
reset_run impl_2 -prev_step 
launch_runs impl_2 -to_step write_bitstream -jobs 10
[Wed Dec 25 21:59:35 2024] Launched impl_2...
Run output will be captured here: D:/github_project/zyqn/zyqn/ov5640_project_2/ov5640_project_2.runs/impl_2/runme.log
write_hw_platform -fixed -include_bit -force -file D:/github_project/zyqn/zyqn/ov5640_project_2/vitis/top.xsa
INFO: [Vivado 12-4895] Creating Hardware Platform: D:/github_project/zyqn/zyqn/ov5640_project_2/vitis/top.xsa ...
INFO: [Hsi 55-2053] elapsed time for repository (D:/Xilinx/Vivado/2020.2/data\embeddedsw) loading 1 seconds
INFO: [Vivado 12-12467] The Hardware Platform can be used for Hardware
INFO: [Vivado 12-4896] Successfully created Hardware Platform: D:/github_project/zyqn/zyqn/ov5640_project_2/vitis/top.xsa
write_hw_platform -fixed -include_bit -force -file D:/github_project/zyqn/zyqn/ov5640_project_2/vitis/top.xsa
INFO: [Vivado 12-4895] Creating Hardware Platform: D:/github_project/zyqn/zyqn/ov5640_project_2/vitis/top.xsa ...
INFO: [Vivado 12-12467] The Hardware Platform can be used for Hardware
INFO: [Vivado 12-4896] Successfully created Hardware Platform: D:/github_project/zyqn/zyqn/ov5640_project_2/vitis/top.xsa
open_bd_design {D:/github_project/zyqn/zyqn/ov5640_project_2/ov5640_project_2.srcs/sources_1/bd/design_1/design_1.bd}
Reading block design file <D:/github_project/zyqn/zyqn/ov5640_project_2/ov5640_project_2.srcs/sources_1/bd/design_1/design_1.bd>...
INFO: [Common 17-41] Interrupt caught. Command should exit soon.
INFO: [Common 17-344] 'source' was cancelled
1
ERROR: [Ip 78-89] Error in evaluating command source [rdi::utils::find_approot_file scripts/xguifrmwork/init.tcl]
 - 
    while executing
"source [rdi::utils::find_approot_file scripts/xguifrmwork/init.tcl]"
ERROR: [Ip 78-89] Error in evaluating command source init.tcl
 - 
    while executing
"source init.tcl"
1
ERROR: [Ip 78-89] Error in evaluating command source [rdi::utils::find_approot_file scripts/xguifrmwork/init.tcl]
 - 
    while executing
"source [rdi::utils::find_approot_file scripts/xguifrmwork/init.tcl]"
ERROR: [Ip 78-89] Error in evaluating command source init.tcl
 - 
    while executing
"source init.tcl"
1
ERROR: [Ip 78-89] Error in evaluating command source [rdi::utils::find_approot_file scripts/xguifrmwork/init.tcl]
 - 
    while executing
"source [rdi::utils::find_approot_file scripts/xguifrmwork/init.tcl]"
ERROR: [Ip 78-89] Error in evaluating command source init.tcl
 - 
    while executing
"source init.tcl"
1
ERROR: [Ip 78-89] Error in evaluating command source [rdi::utils::find_approot_file scripts/xguifrmwork/init.tcl]
 - 
    while executing
"source [rdi::utils::find_approot_file scripts/xguifrmwork/init.tcl]"
ERROR: [Ip 78-89] Error in evaluating command source init.tcl
 - 
    while executing
"source init.tcl"
1
ERROR: [Ip 78-89] Error in evaluating command source [rdi::utils::find_approot_file scripts/xguifrmwork/init.tcl]
 - 
    while executing
"source [rdi::utils::find_approot_file scripts/xguifrmwork/init.tcl]"
ERROR: [Ip 78-89] Error in evaluating command source init.tcl
 - 
    while executing
"source init.tcl"
1
ERROR: [Ip 78-89] Error in evaluating command source [rdi::utils::find_approot_file scripts/xguifrmwork/init.tcl]
 - 
    while executing
"source [rdi::utils::find_approot_file scripts/xguifrmwork/init.tcl]"
ERROR: [Ip 78-89] Error in evaluating command source init.tcl
 - 
    while executing
"source init.tcl"
1
ERROR: [Ip 78-89] Error in evaluating command source [rdi::utils::find_approot_file scripts/xguifrmwork/init.tcl]
 - 
    while executing
"source [rdi::utils::find_approot_file scripts/xguifrmwork/init.tcl]"
ERROR: [Ip 78-89] Error in evaluating command source init.tcl
 - 
    while executing
"source init.tcl"
1
ERROR: [Ip 78-89] Error in evaluating command source [rdi::utils::find_approot_file scripts/xguifrmwork/init.tcl]
 - 
    while executing
"source [rdi::utils::find_approot_file scripts/xguifrmwork/init.tcl]"
ERROR: [Ip 78-89] Error in evaluating command source init.tcl
 - 
    while executing
"source init.tcl"
1
ERROR: [Ip 78-89] Error in evaluating command source [rdi::utils::find_approot_file scripts/xguifrmwork/init.tcl]
 - 
    while executing
"source [rdi::utils::find_approot_file scripts/xguifrmwork/init.tcl]"
ERROR: [Ip 78-89] Error in evaluating command source init.tcl
 - 
    while executing
"source init.tcl"
1
ERROR: [Ip 78-89] Error in evaluating command source [rdi::utils::find_approot_file scripts/xguifrmwork/init.tcl]
 - 
    while executing
"source [rdi::utils::find_approot_file scripts/xguifrmwork/init.tcl]"
ERROR: [Ip 78-89] Error in evaluating command source init.tcl
 - 
    while executing
"source init.tcl"
1
ERROR: [Ip 78-89] Error in evaluating command source [rdi::utils::find_approot_file scripts/xguifrmwork/init.tcl]
 - 
    while executing
"source [rdi::utils::find_approot_file scripts/xguifrmwork/init.tcl]"
ERROR: [Ip 78-89] Error in evaluating command source init.tcl
 - 
    while executing
"source init.tcl"
1
ERROR: [Ip 78-89] Error in evaluating command source [rdi::utils::find_approot_file scripts/xguifrmwork/init.tcl]
 - 
    while executing
"source [rdi::utils::find_approot_file scripts/xguifrmwork/init.tcl]"
ERROR: [Ip 78-89] Error in evaluating command source init.tcl
 - 
    while executing
"source init.tcl"
1
ERROR: [Ip 78-89] Error in evaluating command source [rdi::utils::find_approot_file scripts/xguifrmwork/init.tcl]
 - 
    while executing
"source [rdi::utils::find_approot_file scripts/xguifrmwork/init.tcl]"
ERROR: [Ip 78-89] Error in evaluating command source init.tcl
 - 
    while executing
"source init.tcl"
1
ERROR: [Ip 78-89] Error in evaluating command source [rdi::utils::find_approot_file scripts/xguifrmwork/init.tcl]
 - 
    while executing
"source [rdi::utils::find_approot_file scripts/xguifrmwork/init.tcl]"
ERROR: [Ip 78-89] Error in evaluating command source init.tcl
 - 
    while executing
"source init.tcl"
1
ERROR: [Ip 78-89] Error in evaluating command source [rdi::utils::find_approot_file scripts/xguifrmwork/init.tcl]
 - 
    while executing
"source [rdi::utils::find_approot_file scripts/xguifrmwork/init.tcl]"
ERROR: [Ip 78-89] Error in evaluating command source init.tcl
 - 
    while executing
"source init.tcl"
1
ERROR: [Ip 78-89] Error in evaluating command source [rdi::utils::find_approot_file scripts/xguifrmwork/init.tcl]
 - 
    while executing
"source [rdi::utils::find_approot_file scripts/xguifrmwork/init.tcl]"
ERROR: [Ip 78-89] Error in evaluating command source init.tcl
 - 
    while executing
"source init.tcl"
1
ERROR: [Ip 78-89] Error in evaluating command source [rdi::utils::find_approot_file scripts/xguifrmwork/init.tcl]
 - 
    while executing
"source [rdi::utils::find_approot_file scripts/xguifrmwork/init.tcl]"
ERROR: [Ip 78-89] Error in evaluating command source init.tcl
 - 
    while executing
"source init.tcl"
1
ERROR: [Ip 78-89] Error in evaluating command source [rdi::utils::find_approot_file scripts/xguifrmwork/init.tcl]
 - 
    while executing
"source [rdi::utils::find_approot_file scripts/xguifrmwork/init.tcl]"
ERROR: [Ip 78-89] Error in evaluating command source init.tcl
 - 
    while executing
"source init.tcl"
1
ERROR: [Ip 78-89] Error in evaluating command source [rdi::utils::find_approot_file scripts/xguifrmwork/init.tcl]
 - 
    while executing
"source [rdi::utils::find_approot_file scripts/xguifrmwork/init.tcl]"
ERROR: [Ip 78-89] Error in evaluating command source init.tcl
 - 
    while executing
"source init.tcl"
1
ERROR: [Ip 78-89] Error in evaluating command source [rdi::utils::find_approot_file scripts/xguifrmwork/init.tcl]
 - 
    while executing
"source [rdi::utils::find_approot_file scripts/xguifrmwork/init.tcl]"
ERROR: [Ip 78-89] Error in evaluating command source init.tcl
 - 
    while executing
"source init.tcl"
1
ERROR: [Ip 78-89] Error in evaluating command source [rdi::utils::find_approot_file scripts/xguifrmwork/init.tcl]
 - 
    while executing
"source [rdi::utils::find_approot_file scripts/xguifrmwork/init.tcl]"
ERROR: [Ip 78-89] Error in evaluating command source init.tcl
 - 
    while executing
"source init.tcl"
1
ERROR: [Ip 78-89] Error in evaluating command source [rdi::utils::find_approot_file scripts/xguifrmwork/init.tcl]
 - 
    while executing
"source [rdi::utils::find_approot_file scripts/xguifrmwork/init.tcl]"
ERROR: [Ip 78-89] Error in evaluating command source init.tcl
 - 
    while executing
"source init.tcl"
1
ERROR: [Ip 78-89] Error in evaluating command source [rdi::utils::find_approot_file scripts/xguifrmwork/init.tcl]
 - 
    while executing
"source [rdi::utils::find_approot_file scripts/xguifrmwork/init.tcl]"
ERROR: [Ip 78-89] Error in evaluating command source init.tcl
 - 
    while executing
"source init.tcl"
1
ERROR: [Ip 78-89] Error in evaluating command source [rdi::utils::find_approot_file scripts/xguifrmwork/init.tcl]
 - 
    while executing
"source [rdi::utils::find_approot_file scripts/xguifrmwork/init.tcl]"
ERROR: [Ip 78-89] Error in evaluating command source init.tcl
 - 
    while executing
"source init.tcl"
1
ERROR: [Ip 78-89] Error in evaluating command source [rdi::utils::find_approot_file scripts/xguifrmwork/init.tcl]
 - 
    while executing
"source [rdi::utils::find_approot_file scripts/xguifrmwork/init.tcl]"
ERROR: [Ip 78-89] Error in evaluating command source init.tcl
 - 
    while executing
"source init.tcl"
1
ERROR: [Ip 78-89] Error in evaluating command source [rdi::utils::find_approot_file scripts/xguifrmwork/init.tcl]
 - 
    while executing
"source [rdi::utils::find_approot_file scripts/xguifrmwork/init.tcl]"
ERROR: [Ip 78-89] Error in evaluating command source init.tcl
 - 
    while executing
"source init.tcl"
1
ERROR: [Ip 78-89] Error in evaluating command source [rdi::utils::find_approot_file scripts/xguifrmwork/init.tcl]
 - 
    while executing
"source [rdi::utils::find_approot_file scripts/xguifrmwork/init.tcl]"
ERROR: [Ip 78-89] Error in evaluating command source init.tcl
 - 
    while executing
"source init.tcl"
1
ERROR: [Ip 78-89] Error in evaluating command source [rdi::utils::find_approot_file scripts/xguifrmwork/init.tcl]
 - 
    while executing
"source [rdi::utils::find_approot_file scripts/xguifrmwork/init.tcl]"
ERROR: [Ip 78-89] Error in evaluating command source init.tcl
 - 
    while executing
"source init.tcl"
1
ERROR: [Ip 78-89] Error in evaluating command source [rdi::utils::find_approot_file scripts/xguifrmwork/init.tcl]
 - 
    while executing
"source [rdi::utils::find_approot_file scripts/xguifrmwork/init.tcl]"
ERROR: [Ip 78-89] Error in evaluating command source init.tcl
 - 
    while executing
"source init.tcl"
1
ERROR: [Ip 78-89] Error in evaluating command source [rdi::utils::find_approot_file scripts/xguifrmwork/init.tcl]
 - 
    while executing
"source [rdi::utils::find_approot_file scripts/xguifrmwork/init.tcl]"
ERROR: [Ip 78-89] Error in evaluating command source init.tcl
 - 
    while executing
"source init.tcl"
1
ERROR: [Ip 78-89] Error in evaluating command source [rdi::utils::find_approot_file scripts/xguifrmwork/init.tcl]
 - 
    while executing
"source [rdi::utils::find_approot_file scripts/xguifrmwork/init.tcl]"
ERROR: [Ip 78-89] Error in evaluating command source init.tcl
 - 
    while executing
"source init.tcl"
1
ERROR: [Ip 78-89] Error in evaluating command source [rdi::utils::find_approot_file scripts/xguifrmwork/init.tcl]
 - 
    while executing
"source [rdi::utils::find_approot_file scripts/xguifrmwork/init.tcl]"
ERROR: [Ip 78-89] Error in evaluating command source init.tcl
 - 
    while executing
"source init.tcl"
1
ERROR: [IP_Flow 19-883] Failed to create TCL scope '::ipgui_xilinx_com_signal_param_clock_1_0' for IP GUI
ERROR: [IP_Flow 19-3428] Failed to create Customization object clock_temp
CRITICAL WARNING: [IP_Flow 19-5622] Failed to create IP instance 'clock_temp'. Failed to customize IP instance 'clock_temp'. Failed to load customization data
ERROR: [IP_Flow 19-883] Failed to create TCL scope '::ipgui_xilinx_com_signal_param_reset_1_0' for IP GUI
ERROR: [IP_Flow 19-3428] Failed to create Customization object reset_temp
CRITICAL WARNING: [IP_Flow 19-5622] Failed to create IP instance 'reset_temp'. Failed to customize IP instance 'reset_temp'. Failed to load customization data
Adding component instance block -- xilinx.com:ip:axi_interconnect:2.1 - axi_interconnect_0
INFO: [BD 41-1808] Open Block Design has been cancelled.
INFO: [Common 17-344] 'open_bd_design' was cancelled
exit
INFO: [Common 17-206] Exiting Vivado at Wed Dec 25 22:40:17 2024...
