11:19:11 INFO  : Registering command handlers for SDK TCF services
11:19:13 INFO  : Launching XSCT server: xsct.bat -interactive F:\ZYNQ\Embedded_System\ov5640_hdmi\ov5640_hdmi.sdk\temp_xsdb_launch_script.tcl
11:19:17 INFO  : XSCT server has started successfully.
11:19:17 INFO  : Successfully done setting XSCT server connection channel  
11:19:19 INFO  : Successfully done setting SDK workspace  
11:19:19 INFO  : Processing command line option -hwspec F:/ZYNQ/Embedded_System/ov5640_hdmi/ov5640_hdmi.sdk/design_1_wrapper.hdf.
11:22:04 INFO  : Connected to target on host '127.0.0.1' and port '3121'.
11:22:04 INFO  : 'targets -set -filter {jtag_cable_name =~ "Digilent JTAG-SMT2 210251A08870" && level==0} -index 1' command is executed.
11:22:06 INFO  : FPGA configured successfully with bitstream "F:/ZYNQ/Embedded_System/ov5640_hdmi/ov5640_hdmi.sdk/design_1_wrapper_hw_platform_0/design_1_wrapper.bit"
11:22:31 INFO  : 'targets -set -filter {jtag_cable_name =~ "Digilent JTAG-SMT2 210251A08870" && level==0} -index 1' command is executed.
11:22:31 INFO  : 'fpga -state' command is executed.
11:22:31 INFO  : Connected to target on host '127.0.0.1' and port '3121'.
11:22:31 INFO  : Jtag cable 'Digilent JTAG-SMT2 210251A08870' is selected.
11:22:31 INFO  : 'jtag frequency' command is executed.
11:22:31 INFO  : Sourcing of 'F:/ZYNQ/Embedded_System/ov5640_hdmi/ov5640_hdmi.sdk/design_1_wrapper_hw_platform_0/ps7_init.tcl' is done.
11:22:31 INFO  : Context for 'APU' is selected.
11:22:31 INFO  : Hardware design information is loaded from 'F:/ZYNQ/Embedded_System/ov5640_hdmi/ov5640_hdmi.sdk/design_1_wrapper_hw_platform_0/system.hdf'.
11:22:31 INFO  : 'configparams force-mem-access 1' command is executed.
11:22:31 INFO  : Context for 'APU' is selected.
11:22:31 INFO  : 'stop' command is executed.
11:22:31 INFO  : 'ps7_init' command is executed.
11:22:31 INFO  : 'ps7_post_config' command is executed.
11:22:31 INFO  : Context for processor 'ps7_cortexa9_0' is selected.
11:22:31 INFO  : Processor reset is completed for 'ps7_cortexa9_0'.
11:22:31 INFO  : Context for processor 'ps7_cortexa9_0' is selected.
11:22:32 INFO  : The application 'F:/ZYNQ/Embedded_System/ov5640_hdmi/ov5640_hdmi.sdk/ov5640_hdmi/Debug/ov5640_hdmi.elf' is downloaded to processor 'ps7_cortexa9_0'.
11:22:32 INFO  : 'configparams force-mem-access 0' command is executed.
11:22:32 INFO  : ----------------XSDB Script----------------
connect -url tcp:127.0.0.1:3121
source F:/ZYNQ/Embedded_System/ov5640_hdmi/ov5640_hdmi.sdk/design_1_wrapper_hw_platform_0/ps7_init.tcl
targets -set -nocase -filter {name =~"APU*" && jtag_cable_name =~ "Digilent JTAG-SMT2 210251A08870"} -index 0
loadhw -hw F:/ZYNQ/Embedded_System/ov5640_hdmi/ov5640_hdmi.sdk/design_1_wrapper_hw_platform_0/system.hdf -mem-ranges [list {0x40000000 0xbfffffff}]
configparams force-mem-access 1
targets -set -nocase -filter {name =~"APU*" && jtag_cable_name =~ "Digilent JTAG-SMT2 210251A08870"} -index 0
stop
ps7_init
ps7_post_config
targets -set -nocase -filter {name =~ "ARM*#0" && jtag_cable_name =~ "Digilent JTAG-SMT2 210251A08870"} -index 0
rst -processor
targets -set -nocase -filter {name =~ "ARM*#0" && jtag_cable_name =~ "Digilent JTAG-SMT2 210251A08870"} -index 0
dow F:/ZYNQ/Embedded_System/ov5640_hdmi/ov5640_hdmi.sdk/ov5640_hdmi/Debug/ov5640_hdmi.elf
configparams force-mem-access 0
----------------End of Script----------------

11:22:32 INFO  : Memory regions updated for context APU
11:22:32 INFO  : Context for processor 'ps7_cortexa9_0' is selected.
11:22:32 INFO  : 'con' command is executed.
11:22:32 INFO  : ----------------XSDB Script (After Launch)----------------
targets -set -nocase -filter {name =~ "ARM*#0" && jtag_cable_name =~ "Digilent JTAG-SMT2 210251A08870"} -index 0
con
----------------End of Script----------------

11:22:32 INFO  : Launch script is exported to file 'F:\ZYNQ\Embedded_System\ov5640_hdmi\ov5640_hdmi.sdk\.sdk\launch_scripts\xilinx_c-c++_application_(system_debugger)\system_debugger_using_debug_ov5640_hdmi.elf_on_local.tcl'
11:24:20 INFO  : Connected to target on host '127.0.0.1' and port '3121'.
11:24:20 INFO  : 'targets -set -filter {jtag_cable_name =~ "Digilent JTAG-SMT2 210251A08870" && level==0} -index 1' command is executed.
11:24:21 INFO  : FPGA configured successfully with bitstream "F:/ZYNQ/Embedded_System/ov5640_hdmi/ov5640_hdmi.sdk/design_1_wrapper_hw_platform_0/design_1_wrapper.bit"
11:24:44 INFO  : Disconnected from the channel tcfchan#1.
11:24:45 INFO  : 'targets -set -filter {jtag_cable_name =~ "Digilent JTAG-SMT2 210251A08870" && level==0} -index 1' command is executed.
11:24:45 INFO  : 'fpga -state' command is executed.
11:24:45 INFO  : Connected to target on host '127.0.0.1' and port '3121'.
11:24:45 INFO  : Jtag cable 'Digilent JTAG-SMT2 210251A08870' is selected.
11:24:45 INFO  : 'jtag frequency' command is executed.
11:24:45 INFO  : Sourcing of 'F:/ZYNQ/Embedded_System/ov5640_hdmi/ov5640_hdmi.sdk/design_1_wrapper_hw_platform_0/ps7_init.tcl' is done.
11:24:45 INFO  : Context for 'APU' is selected.
11:24:46 INFO  : Hardware design information is loaded from 'F:/ZYNQ/Embedded_System/ov5640_hdmi/ov5640_hdmi.sdk/design_1_wrapper_hw_platform_0/system.hdf'.
11:24:46 INFO  : 'configparams force-mem-access 1' command is executed.
11:24:46 INFO  : Context for 'APU' is selected.
11:24:47 INFO  : 'stop' command is executed.
11:24:47 INFO  : 'ps7_init' command is executed.
11:24:47 INFO  : 'ps7_post_config' command is executed.
11:24:47 INFO  : Context for processor 'ps7_cortexa9_0' is selected.
11:24:47 INFO  : Processor reset is completed for 'ps7_cortexa9_0'.
11:24:47 INFO  : Context for processor 'ps7_cortexa9_0' is selected.
11:24:47 INFO  : The application 'F:/ZYNQ/Embedded_System/ov5640_hdmi/ov5640_hdmi.sdk/ov5640_hdmi/Debug/ov5640_hdmi.elf' is downloaded to processor 'ps7_cortexa9_0'.
11:24:47 INFO  : 'configparams force-mem-access 0' command is executed.
11:24:47 INFO  : ----------------XSDB Script----------------
connect -url tcp:127.0.0.1:3121
source F:/ZYNQ/Embedded_System/ov5640_hdmi/ov5640_hdmi.sdk/design_1_wrapper_hw_platform_0/ps7_init.tcl
targets -set -nocase -filter {name =~"APU*" && jtag_cable_name =~ "Digilent JTAG-SMT2 210251A08870"} -index 0
loadhw -hw F:/ZYNQ/Embedded_System/ov5640_hdmi/ov5640_hdmi.sdk/design_1_wrapper_hw_platform_0/system.hdf -mem-ranges [list {0x40000000 0xbfffffff}]
configparams force-mem-access 1
targets -set -nocase -filter {name =~"APU*" && jtag_cable_name =~ "Digilent JTAG-SMT2 210251A08870"} -index 0
stop
ps7_init
ps7_post_config
targets -set -nocase -filter {name =~ "ARM*#0" && jtag_cable_name =~ "Digilent JTAG-SMT2 210251A08870"} -index 0
rst -processor
targets -set -nocase -filter {name =~ "ARM*#0" && jtag_cable_name =~ "Digilent JTAG-SMT2 210251A08870"} -index 0
dow F:/ZYNQ/Embedded_System/ov5640_hdmi/ov5640_hdmi.sdk/ov5640_hdmi/Debug/ov5640_hdmi.elf
configparams force-mem-access 0
----------------End of Script----------------

11:24:47 INFO  : Memory regions updated for context APU
11:24:47 INFO  : Context for processor 'ps7_cortexa9_0' is selected.
11:24:47 INFO  : 'con' command is executed.
11:24:47 INFO  : ----------------XSDB Script (After Launch)----------------
targets -set -nocase -filter {name =~ "ARM*#0" && jtag_cable_name =~ "Digilent JTAG-SMT2 210251A08870"} -index 0
con
----------------End of Script----------------

11:24:47 INFO  : Launch script is exported to file 'F:\ZYNQ\Embedded_System\ov5640_hdmi\ov5640_hdmi.sdk\.sdk\launch_scripts\xilinx_c-c++_application_(system_debugger)\system_debugger_using_debug_ov5640_hdmi.elf_on_local.tcl'
11:26:14 INFO  : Disconnected from the channel tcfchan#2.
