Copyright 1986-2020 Xilinx, Inc. All Rights Reserved.
----------------------------------------------------------------------------------------------
| Tool Version : Vivado v.2020.2 (win64) Build 3064766 Wed Nov 18 09:12:45 MST 2020
| Date         : Fri Dec 27 21:46:31 2024
| Host         : DESKTOP-3OAFHV8 running 64-bit major release  (build 9200)
| Command      : report_clock_utilization -file design_1_wrapper_clock_utilization_routed.rpt
| Design       : design_1_wrapper
| Device       : 7z010-clg400
| Speed File   : -1  PRODUCTION 1.12 2019-11-22
| Design State : Routed
----------------------------------------------------------------------------------------------

Clock Utilization Report

Table of Contents
-----------------
1. Clock Primitive Utilization
2. Global Clock Resources
3. Global Clock Source Details
4. Clock Regions: Key Resource Utilization
5. Clock Regions : Global Clock Summary
6. Device Cell Placement Summary for Global Clock g0
7. Device Cell Placement Summary for Global Clock g1
8. Device Cell Placement Summary for Global Clock g2
9. Clock Region Cell Placement per Global Clock: Region X0Y0
10. Clock Region Cell Placement per Global Clock: Region X1Y0
11. Clock Region Cell Placement per Global Clock: Region X0Y1
12. Clock Region Cell Placement per Global Clock: Region X1Y1

1. Clock Primitive Utilization
------------------------------

+----------+------+-----------+-----+--------------+--------+
| Type     | Used | Available | LOC | Clock Region | Pblock |
+----------+------+-----------+-----+--------------+--------+
| BUFGCTRL |    2 |        32 |   0 |            0 |      0 |
| BUFH     |    0 |        48 |   0 |            0 |      0 |
| BUFIO    |    1 |         8 |   0 |            0 |      0 |
| BUFMR    |    0 |         4 |   0 |            0 |      0 |
| BUFR     |    1 |         8 |   0 |            0 |      0 |
| MMCM     |    1 |         2 |   0 |            0 |      0 |
| PLL      |    0 |         2 |   0 |            0 |      0 |
+----------+------+-----------+-----+--------------+--------+


2. Global Clock Resources
-------------------------

+-----------+-----------+-----------------+------------+---------------+--------------+-------------------+-------------+-----------------+--------------+------------------------+--------------------------------------------------------------------------+------------------------------------------------+
| Global Id | Source Id | Driver Type/Pin | Constraint | Site          | Clock Region | Load Clock Region | Clock Loads | Non-Clock Loads | Clock Period | Clock                  | Driver Pin                                                               | Net                                            |
+-----------+-----------+-----------------+------------+---------------+--------------+-------------------+-------------+-----------------+--------------+------------------------+--------------------------------------------------------------------------+------------------------------------------------+
| g0        | src0      | BUFG/O          | None       | BUFGCTRL_X0Y0 | n/a          |                 4 |        9183 |               0 |       10.000 | clk_fpga_0             | design_1_i/processing_system7_0/inst/buffer_fclk_clk_0.FCLK_CLK_0_BUFG/O | design_1_i/processing_system7_0/inst/FCLK_CLK0 |
| g1        | src1      | BUFR/O          | None       | BUFR_X0Y5     | X1Y1         |                 1 |        2735 |               0 |       10.000 | axi_dynclk_0_PXL_CLK_O | design_1_i/axi_dynclk_0/U0/BUFR_inst/O                                   | design_1_i/axi_dynclk_0/U0/PXL_CLK_O           |
| g2        | src2      | BUFG/O          | None       | BUFGCTRL_X0Y1 | n/a          |                 1 |         204 |               0 |       13.888 | cam_pclk               | cam_pclk_IBUF_BUFG_inst/O                                                | cam_pclk_IBUF_BUFG                             |
+-----------+-----------+-----------------+------------+---------------+--------------+-------------------+-------------+-----------------+--------------+------------------------+--------------------------------------------------------------------------+------------------------------------------------+
* Clock Loads column represents the clock pin loads (pin count)
** Non-Clock Loads column represents the non-clock pin loads (pin count)


3. Global Clock Source Details
------------------------------

+-----------+-----------+--------------------+------------+-----------------+--------------+-------------+-----------------+---------------------+--------------+------------------------------------------------------------------+-------------------------------------------------------------+
| Source Id | Global Id | Driver Type/Pin    | Constraint | Site            | Clock Region | Clock Loads | Non-Clock Loads | Source Clock Period | Source Clock | Driver Pin                                                       | Net                                                         |
+-----------+-----------+--------------------+------------+-----------------+--------------+-------------+-----------------+---------------------+--------------+------------------------------------------------------------------+-------------------------------------------------------------+
| src0      | g0        | PS7/FCLKCLK[0]     | PS7_X0Y0   | PS7_X0Y0        | X0Y1         |           1 |               0 |              10.000 | clk_fpga_0   | design_1_i/processing_system7_0/inst/PS7_i/FCLKCLK[0]            | design_1_i/processing_system7_0/inst/FCLK_CLK_unbuffered[0] |
| src1      | g1        | MMCME2_ADV/CLKOUT0 | None       | MMCME2_ADV_X0Y1 | X1Y1         |           2 |               0 |               2.000 | I            | design_1_i/axi_dynclk_0/U0/Inst_mmcme2_drp/mmcm_adv_inst/CLKOUT0 | design_1_i/axi_dynclk_0/U0/Inst_mmcme2_drp/I                |
| src2      | g2        | IBUF/O             | IOB_X0Y39  | IOB_X0Y39       | X1Y0         |           1 |               0 |              13.888 | cam_pclk     | cam_pclk_IBUF_inst/O                                             | cam_pclk_IBUF                                               |
+-----------+-----------+--------------------+------------+-----------------+--------------+-------------+-----------------+---------------------+--------------+------------------------------------------------------------------+-------------------------------------------------------------+
* Clock Loads column represents the clock pin loads (pin count)
** Non-Clock Loads column represents the non-clock pin loads (pin count)


4. Clock Regions: Key Resource Utilization
------------------------------------------

+-------------------+--------------+--------------+--------------+--------------+--------------+--------------+--------------+--------------+--------------+--------------+--------------+--------------+--------------+--------------+--------------+
|                   | Global Clock |     BUFRs    |    BUFMRs    |    BUFIOs    |     MMCM     |      PLL     |      GT      |      PCI     |    ILOGIC    |    OLOGIC    |      FF      |     LUTM     |    RAMB18    |    RAMB36    |    DSP48E2   |
+-------------------+------+-------+------+-------+------+-------+------+-------+------+-------+------+-------+------+-------+------+-------+------+-------+------+-------+------+-------+------+-------+------+-------+------+-------+------+-------+
| Clock Region Name | Used | Avail | Used | Avail | Used | Avail | Used | Avail | Used | Avail | Used | Avail | Used | Avail | Used | Avail | Used | Avail | Used | Avail | Used | Avail | Used | Avail | Used | Avail | Used | Avail | Used | Avail |
+-------------------+------+-------+------+-------+------+-------+------+-------+------+-------+------+-------+------+-------+------+-------+------+-------+------+-------+------+-------+------+-------+------+-------+------+-------+------+-------+
| X0Y0              |    1 |    12 |    0 |     0 |    0 |     0 |    0 |     0 |    0 |     0 |    0 |     0 |    0 |     0 |    0 |     0 |    0 |     0 |    0 |     0 | 3862 |  1100 | 1736 |   400 |    0 |    20 |    0 |    10 |    0 |    20 |
| X1Y0              |    2 |    12 |    0 |     4 |    0 |     2 |    0 |     4 |    0 |     1 |    0 |     1 |    0 |     0 |    0 |     0 |    0 |    50 |    0 |    50 | 3713 |  1100 | 1354 |   350 |    1 |    40 |    5 |    20 |    0 |    20 |
| X0Y1              |    1 |    12 |    0 |     0 |    0 |     0 |    0 |     0 |    0 |     0 |    0 |     0 |    0 |     0 |    0 |     0 |    0 |     0 |    0 |     0 |  912 |  1100 |  324 |   400 |    0 |    20 |    0 |    10 |    0 |    20 |
| X1Y1              |    3 |    12 |    1 |     4 |    0 |     2 |    1 |     4 |    1 |     1 |    0 |     1 |    0 |     0 |    0 |     0 |    0 |    50 |    8 |    50 | 3104 |  1100 | 1023 |   350 |    0 |    40 |    1 |    20 |    0 |    20 |
+-------------------+------+-------+------+-------+------+-------+------+-------+------+-------+------+-------+------+-------+------+-------+------+-------+------+-------+------+-------+------+-------+------+-------+------+-------+------+-------+
* Global Clock column represents track count; while other columns represents cell counts


5. Clock Regions : Global Clock Summary
---------------------------------------

All Modules
+----+----+----+
|    | X0 | X1 |
+----+----+----+
| Y1 |  1 |  3 |
| Y0 |  1 |  2 |
+----+----+----+


6. Device Cell Placement Summary for Global Clock g0
----------------------------------------------------

+-----------+-----------------+-------------------+------------+-------------+---------------+-------------+----------+----------------+----------+------------------------------------------------+
| Global Id | Driver Type/Pin | Driver Region (D) | Clock      | Period (ns) | Waveform (ns) | Slice Loads | IO Loads | Clocking Loads | GT Loads | Net                                            |
+-----------+-----------------+-------------------+------------+-------------+---------------+-------------+----------+----------------+----------+------------------------------------------------+
| g0        | BUFG/O          | n/a               | clk_fpga_0 |      10.000 | {0.000 5.000} |        9058 |        0 |              1 |        0 | design_1_i/processing_system7_0/inst/FCLK_CLK0 |
+-----------+-----------------+-------------------+------------+-------------+---------------+-------------+----------+----------------+----------+------------------------------------------------+
* Slice Loads column represents load cell count of all cell types other than IO, GT and clock resources
** IO Loads column represents load cell count of IO types
*** Clocking Loads column represents load cell count that are clock resources (global clock buffer, MMCM, PLL, etc)
**** GT Loads column represents load cell count of GT types


+----+-------+-------+-----------------------+
|    | X0    | X1    | HORIZONTAL PROG DELAY |
+----+-------+-------+-----------------------+
| Y1 |   962 |   385 |                     0 |
| Y0 |  4069 |  3643 |                     0 |
+----+-------+-------+-----------------------+


7. Device Cell Placement Summary for Global Clock g1
----------------------------------------------------

+-----------+-----------------+-------------------+------------------------+-------------+---------------+-------------+----------+----------------+----------+--------------------------------------+
| Global Id | Driver Type/Pin | Driver Region (D) | Clock                  | Period (ns) | Waveform (ns) | Slice Loads | IO Loads | Clocking Loads | GT Loads | Net                                  |
+-----------+-----------------+-------------------+------------------------+-------------+---------------+-------------+----------+----------------+----------+--------------------------------------+
| g1        | BUFR/O          | X1Y1              | axi_dynclk_0_PXL_CLK_O |      10.000 | {0.000 4.000} |        2727 |        8 |              0 |        0 | design_1_i/axi_dynclk_0/U0/PXL_CLK_O |
+-----------+-----------------+-------------------+------------------------+-------------+---------------+-------------+----------+----------------+----------+--------------------------------------+
* Slice Loads column represents load cell count of all cell types other than IO, GT and clock resources
** IO Loads column represents load cell count of IO types
*** Clocking Loads column represents load cell count that are clock resources (global clock buffer, MMCM, PLL, etc)
**** GT Loads column represents load cell count of GT types


+----+----+-----------+-----------------------+
|    | X0 | X1        | HORIZONTAL PROG DELAY |
+----+----+-----------+-----------------------+
| Y1 |  0 |  (D) 2735 |                     0 |
| Y0 |  0 |         0 |                     0 |
+----+----+-----------+-----------------------+


8. Device Cell Placement Summary for Global Clock g2
----------------------------------------------------

+-----------+-----------------+-------------------+----------+-------------+---------------+-------------+----------+----------------+----------+--------------------+
| Global Id | Driver Type/Pin | Driver Region (D) | Clock    | Period (ns) | Waveform (ns) | Slice Loads | IO Loads | Clocking Loads | GT Loads | Net                |
+-----------+-----------------+-------------------+----------+-------------+---------------+-------------+----------+----------------+----------+--------------------+
| g2        | BUFG/O          | n/a               | cam_pclk |      13.888 | {0.000 6.944} |         204 |        0 |              0 |        0 | cam_pclk_IBUF_BUFG |
+-----------+-----------------+-------------------+----------+-------------+---------------+-------------+----------+----------------+----------+--------------------+
* Slice Loads column represents load cell count of all cell types other than IO, GT and clock resources
** IO Loads column represents load cell count of IO types
*** Clocking Loads column represents load cell count that are clock resources (global clock buffer, MMCM, PLL, etc)
**** GT Loads column represents load cell count of GT types


+----+----+------+-----------------------+
|    | X0 | X1   | HORIZONTAL PROG DELAY |
+----+----+------+-----------------------+
| Y1 |  0 |    0 |                     0 |
| Y0 |  0 |  204 |                     0 |
+----+----+------+-----------------------+


9. Clock Region Cell Placement per Global Clock: Region X0Y0
------------------------------------------------------------

+-----------+-------+-----------------+------------+-------------+-----------------+------+--------+------+-----+----+------+-----+---------+------------------------------------------------+
| Global Id | Track | Driver Type/Pin | Constraint | Clock Loads | Non-Clock Loads | FF   | LUTRAM | RAMB | DSP | GT | MMCM | PLL | Hard IP | Net                                            |
+-----------+-------+-----------------+------------+-------------+-----------------+------+--------+------+-----+----+------+-----+---------+------------------------------------------------+
| g0        | n/a   | BUFG/O          | None       |        4069 |               0 | 3862 |    207 |    0 |   0 |  0 |    0 |   0 |       0 | design_1_i/processing_system7_0/inst/FCLK_CLK0 |
+-----------+-------+-----------------+------------+-------------+-----------------+------+--------+------+-----+----+------+-----+---------+------------------------------------------------+
* Clock Loads column represents the clock pin loads (pin count)
** Non-Clock Loads column represents the non-clock pin loads (pin count)
*** Columns FF, LUTRAM, RAMB through 'Hard IP' represents load cell counts


10. Clock Region Cell Placement per Global Clock: Region X1Y0
-------------------------------------------------------------

+-----------+-------+-----------------+------------+-------------+-----------------+------+--------+------+-----+----+------+-----+---------+------------------------------------------------+
| Global Id | Track | Driver Type/Pin | Constraint | Clock Loads | Non-Clock Loads | FF   | LUTRAM | RAMB | DSP | GT | MMCM | PLL | Hard IP | Net                                            |
+-----------+-------+-----------------+------------+-------------+-----------------+------+--------+------+-----+----+------+-----+---------+------------------------------------------------+
| g0        | n/a   | BUFG/O          | None       |        3643 |               0 | 3510 |    126 |    6 |   0 |  0 |    0 |   0 |       0 | design_1_i/processing_system7_0/inst/FCLK_CLK0 |
| g2        | n/a   | BUFG/O          | None       |         204 |               0 |  203 |      0 |    1 |   0 |  0 |    0 |   0 |       0 | cam_pclk_IBUF_BUFG                             |
+-----------+-------+-----------------+------------+-------------+-----------------+------+--------+------+-----+----+------+-----+---------+------------------------------------------------+
* Clock Loads column represents the clock pin loads (pin count)
** Non-Clock Loads column represents the non-clock pin loads (pin count)
*** Columns FF, LUTRAM, RAMB through 'Hard IP' represents load cell counts


11. Clock Region Cell Placement per Global Clock: Region X0Y1
-------------------------------------------------------------

+-----------+-------+-----------------+------------+-------------+-----------------+-----+--------+------+-----+----+------+-----+---------+------------------------------------------------+
| Global Id | Track | Driver Type/Pin | Constraint | Clock Loads | Non-Clock Loads | FF  | LUTRAM | RAMB | DSP | GT | MMCM | PLL | Hard IP | Net                                            |
+-----------+-------+-----------------+------------+-------------+-----------------+-----+--------+------+-----+----+------+-----+---------+------------------------------------------------+
| g0        | n/a   | BUFG/O          | None       |         962 |               0 | 912 |     49 |    0 |   0 |  0 |    0 |   0 |       0 | design_1_i/processing_system7_0/inst/FCLK_CLK0 |
+-----------+-------+-----------------+------------+-------------+-----------------+-----+--------+------+-----+----+------+-----+---------+------------------------------------------------+
* Clock Loads column represents the clock pin loads (pin count)
** Non-Clock Loads column represents the non-clock pin loads (pin count)
*** Columns FF, LUTRAM, RAMB through 'Hard IP' represents load cell counts


12. Clock Region Cell Placement per Global Clock: Region X1Y1
-------------------------------------------------------------

+-----------+-------+-----------------+------------+-------------+-----------------+------+--------+------+-----+----+------+-----+---------+------------------------------------------------+
| Global Id | Track | Driver Type/Pin | Constraint | Clock Loads | Non-Clock Loads | FF   | LUTRAM | RAMB | DSP | GT | MMCM | PLL | Hard IP | Net                                            |
+-----------+-------+-----------------+------------+-------------+-----------------+------+--------+------+-----+----+------+-----+---------+------------------------------------------------+
| g0        | n/a   | BUFG/O          | None       |         385 |               0 |  383 |      0 |    1 |   0 |  0 |    1 |   0 |       0 | design_1_i/processing_system7_0/inst/FCLK_CLK0 |
| g1        | n/a   | BUFR/O          | None       |        2735 |               0 | 2721 |      5 |    1 |   0 |  0 |    0 |   0 |       0 | design_1_i/axi_dynclk_0/U0/PXL_CLK_O           |
+-----------+-------+-----------------+------------+-------------+-----------------+------+--------+------+-----+----+------+-----+---------+------------------------------------------------+
* Clock Loads column represents the clock pin loads (pin count)
** Non-Clock Loads column represents the non-clock pin loads (pin count)
*** Columns FF, LUTRAM, RAMB through 'Hard IP' represents load cell counts



# Location of BUFG Primitives 
set_property LOC BUFGCTRL_X0Y0 [get_cells design_1_i/processing_system7_0/inst/buffer_fclk_clk_0.FCLK_CLK_0_BUFG]
set_property LOC BUFGCTRL_X0Y1 [get_cells cam_pclk_IBUF_BUFG_inst]

# Location of BUFIO Primitives 
set_property LOC BUFIO_X0Y5 [get_cells design_1_i/axi_dynclk_0/U0/BUFIO_inst]

# Location of BUFR Primitives 
set_property LOC BUFR_X0Y5 [get_cells design_1_i/axi_dynclk_0/U0/BUFR_inst]

# Location of IO Primitives which is load of clock spine

# Location of clock ports
set_property LOC IOB_X0Y39 [get_ports cam_pclk]

# Clock net "design_1_i/processing_system7_0/inst/FCLK_CLK0" driven by instance "design_1_i/processing_system7_0/inst/buffer_fclk_clk_0.FCLK_CLK_0_BUFG" located at site "BUFGCTRL_X0Y0"
#startgroup
create_pblock {CLKAG_design_1_i/processing_system7_0/inst/FCLK_CLK0}
add_cells_to_pblock [get_pblocks  {CLKAG_design_1_i/processing_system7_0/inst/FCLK_CLK0}] [get_cells -filter { PRIMITIVE_GROUP != I/O && IS_PRIMITIVE==1 && PRIMITIVE_LEVEL !=INTERNAL && NAME!=design_1_i/axi_dynclk_0/U0/Inst_mmcme2_drp/mmcm_adv_inst} -of_object [get_pins -filter {DIRECTION==IN} -of_objects [get_nets -hierarchical -filter {PARENT=="design_1_i/processing_system7_0/inst/FCLK_CLK0"}]]]
resize_pblock [get_pblocks {CLKAG_design_1_i/processing_system7_0/inst/FCLK_CLK0}] -add {CLOCKREGION_X0Y0:CLOCKREGION_X0Y0 CLOCKREGION_X0Y1:CLOCKREGION_X0Y1 CLOCKREGION_X1Y0:CLOCKREGION_X1Y0 CLOCKREGION_X1Y1:CLOCKREGION_X1Y1}
#endgroup

# Clock net "design_1_i/axi_dynclk_0/U0/PXL_CLK_O" driven by instance "design_1_i/axi_dynclk_0/U0/BUFR_inst" located at site "BUFR_X0Y5"
#startgroup
create_pblock {CLKAG_design_1_i/axi_dynclk_0/U0/PXL_CLK_O}
add_cells_to_pblock [get_pblocks  {CLKAG_design_1_i/axi_dynclk_0/U0/PXL_CLK_O}] [get_cells -filter { PRIMITIVE_GROUP != I/O && IS_PRIMITIVE==1 && PRIMITIVE_LEVEL !=INTERNAL } -of_object [get_pins -filter {DIRECTION==IN} -of_objects [get_nets -hierarchical -filter {PARENT=="design_1_i/axi_dynclk_0/U0/PXL_CLK_O"}]]]
resize_pblock [get_pblocks {CLKAG_design_1_i/axi_dynclk_0/U0/PXL_CLK_O}] -add {CLOCKREGION_X1Y1:CLOCKREGION_X1Y1}
#endgroup

# Clock net "cam_pclk_IBUF_BUFG" driven by instance "cam_pclk_IBUF_BUFG_inst" located at site "BUFGCTRL_X0Y1"
#startgroup
create_pblock {CLKAG_cam_pclk_IBUF_BUFG}
add_cells_to_pblock [get_pblocks  {CLKAG_cam_pclk_IBUF_BUFG}] [get_cells -filter { PRIMITIVE_GROUP != I/O && IS_PRIMITIVE==1 && PRIMITIVE_LEVEL !=INTERNAL } -of_object [get_pins -filter {DIRECTION==IN} -of_objects [get_nets -hierarchical -filter {PARENT=="cam_pclk_IBUF_BUFG"}]]]
resize_pblock [get_pblocks {CLKAG_cam_pclk_IBUF_BUFG}] -add {CLOCKREGION_X1Y0:CLOCKREGION_X1Y0}
#endgroup
