Copyright 1986-2020 Xilinx, Inc. All Rights Reserved.
----------------------------------------------------------------------------------------------------------------------------------------------------------------------
| Tool Version     : Vivado v.2020.2 (win64) Build 3064766 Wed Nov 18 09:12:45 MST 2020
| Date             : Fri Dec 27 21:46:28 2024
| Host             : DESKTOP-3OAFHV8 running 64-bit major release  (build 9200)
| Command          : report_power -file design_1_wrapper_power_routed.rpt -pb design_1_wrapper_power_summary_routed.pb -rpx design_1_wrapper_power_routed.rpx
| Design           : design_1_wrapper
| Device           : xc7z010clg400-1
| Design State     : routed
| Grade            : commercial
| Process          : typical
| Characterization : Production
----------------------------------------------------------------------------------------------------------------------------------------------------------------------

Power Report

Table of Contents
-----------------
1. Summary
1.1 On-Chip Components
1.2 Power Supply Summary
1.3 Confidence Level
2. Settings
2.1 Environment
2.2 Clock Constraints
3. Detailed Reports
3.1 By Hierarchy

1. Summary
----------

+--------------------------+--------------+
| Total On-Chip Power (W)  | 1.977        |
| Design Power Budget (W)  | Unspecified* |
| Power Budget Margin (W)  | NA           |
| Dynamic (W)              | 1.850        |
| Device Static (W)        | 0.127        |
| Effective TJA (C/W)      | 11.5         |
| Max Ambient (C)          | 62.2         |
| Junction Temperature (C) | 47.8         |
| Confidence Level         | Low          |
| Setting File             | ---          |
| Simulation Activity File | ---          |
| Design Nets Matched      | NA           |
+--------------------------+--------------+
* Specify Design Power Budget using, set_operating_conditions -design_power_budget <value in Watts>


1.1 On-Chip Components
----------------------

+--------------------------+-----------+----------+-----------+-----------------+
| On-Chip                  | Power (W) | Used     | Available | Utilization (%) |
+--------------------------+-----------+----------+-----------+-----------------+
| Clocks                   |     0.038 |        7 |       --- |             --- |
| Slice Logic              |     0.012 |    21862 |       --- |             --- |
|   LUT as Logic           |     0.010 |     6263 |     17600 |           35.59 |
|   Register               |     0.001 |    11591 |     35200 |           32.93 |
|   CARRY4                 |    <0.001 |      224 |      4400 |            5.09 |
|   LUT as Distributed RAM |    <0.001 |      462 |      6000 |            7.70 |
|   F7/F8 Muxes            |    <0.001 |      182 |     17600 |            1.03 |
|   LUT as Shift Register  |    <0.001 |      258 |      6000 |            4.30 |
|   Others                 |     0.000 |      845 |       --- |             --- |
| Signals                  |     0.017 |    15311 |       --- |             --- |
| Block RAM                |     0.004 |        7 |        60 |           11.67 |
| MMCM                     |     0.107 |        1 |         2 |           50.00 |
| I/O                      |     0.140 |       24 |       100 |           24.00 |
| PS7                      |     1.531 |        1 |       --- |             --- |
| Static Power             |     0.127 |          |           |                 |
| Total                    |     1.976 |          |           |                 |
+--------------------------+-----------+----------+-----------+-----------------+


1.2 Power Supply Summary
------------------------

+-----------+-------------+-----------+-------------+------------+-------------+-------------+------------+
| Source    | Voltage (V) | Total (A) | Dynamic (A) | Static (A) | Powerup (A) | Budget (A)  | Margin (A) |
+-----------+-------------+-----------+-------------+------------+-------------+-------------+------------+
| Vccint    |       1.000 |     0.082 |       0.074 |      0.008 |       NA    | Unspecified | NA         |
| Vccaux    |       1.800 |     0.068 |       0.059 |      0.009 |       NA    | Unspecified | NA         |
| Vcco33    |       3.300 |     0.043 |       0.042 |      0.001 |       NA    | Unspecified | NA         |
| Vcco25    |       2.500 |     0.000 |       0.000 |      0.000 |       NA    | Unspecified | NA         |
| Vcco18    |       1.800 |     0.000 |       0.000 |      0.000 |       NA    | Unspecified | NA         |
| Vcco15    |       1.500 |     0.000 |       0.000 |      0.000 |       NA    | Unspecified | NA         |
| Vcco135   |       1.350 |     0.000 |       0.000 |      0.000 |       NA    | Unspecified | NA         |
| Vcco12    |       1.200 |     0.000 |       0.000 |      0.000 |       NA    | Unspecified | NA         |
| Vccaux_io |       1.800 |     0.000 |       0.000 |      0.000 |       NA    | Unspecified | NA         |
| Vccbram   |       1.000 |     0.001 |       0.000 |      0.001 |       NA    | Unspecified | NA         |
| MGTAVcc   |       1.000 |     0.000 |       0.000 |      0.000 |       NA    | Unspecified | NA         |
| MGTAVtt   |       1.200 |     0.000 |       0.000 |      0.000 |       NA    | Unspecified | NA         |
| MGTVccaux |       1.800 |     0.000 |       0.000 |      0.000 |       NA    | Unspecified | NA         |
| Vccpint   |       1.000 |     0.761 |       0.727 |      0.034 |       NA    | Unspecified | NA         |
| Vccpaux   |       1.800 |     0.061 |       0.050 |      0.010 |       NA    | Unspecified | NA         |
| Vccpll    |       1.800 |     0.018 |       0.015 |      0.003 |       NA    | Unspecified | NA         |
| Vcco_ddr  |       1.500 |     0.459 |       0.457 |      0.002 |       NA    | Unspecified | NA         |
| Vcco_mio0 |       1.800 |     0.001 |       0.000 |      0.001 |       NA    | Unspecified | NA         |
| Vcco_mio1 |       1.800 |     0.000 |       0.000 |      0.000 |       NA    | Unspecified | NA         |
| Vccadc    |       1.800 |     0.020 |       0.000 |      0.020 |       NA    | Unspecified | NA         |
+-----------+-------------+-----------+-------------+------------+-------------+-------------+------------+


1.3 Confidence Level
--------------------

+-----------------------------+------------+--------------------------------------------------------+------------------------------------------------------------------------------------------------------------+
| User Input Data             | Confidence | Details                                                | Action                                                                                                     |
+-----------------------------+------------+--------------------------------------------------------+------------------------------------------------------------------------------------------------------------+
| Design implementation state | High       | Design is routed                                       |                                                                                                            |
| Clock nodes activity        | High       | User specified more than 95% of clocks                 |                                                                                                            |
| I/O nodes activity          | Low        | More than 75% of inputs are missing user specification | Provide missing input activity with simulation results or by editing the "By Resource Type -> I/Os" view   |
| Internal nodes activity     | Medium     | User specified less than 25% of internal nodes         | Provide missing internal nodes activity with simulation results or by editing the "By Resource Type" views |
| Device models               | High       | Device models are Production                           |                                                                                                            |
|                             |            |                                                        |                                                                                                            |
| Overall confidence level    | Low        |                                                        |                                                                                                            |
+-----------------------------+------------+--------------------------------------------------------+------------------------------------------------------------------------------------------------------------+


2. Settings
-----------

2.1 Environment
---------------

+-----------------------+------------------------+
| Ambient Temp (C)      | 25.0                   |
| ThetaJA (C/W)         | 11.5                   |
| Airflow (LFM)         | 250                    |
| Heat Sink             | none                   |
| ThetaSA (C/W)         | 0.0                    |
| Board Selection       | medium (10"x10")       |
| # of Board Layers     | 8to11 (8 to 11 Layers) |
| Board Temperature (C) | 25.0                   |
+-----------------------+------------------------+


2.2 Clock Constraints
---------------------

+------------------------+-------------------------------------------------------------+-----------------+
| Clock                  | Domain                                                      | Constraint (ns) |
+------------------------+-------------------------------------------------------------+-----------------+
| I                      | design_1_i/axi_dynclk_0/U0/Inst_mmcme2_drp/I                |             2.0 |
| axi_dynclk_0_PXL_CLK_O | design_1_i/axi_dynclk_0/U0/PXL_CLK_O                        |            10.0 |
| cam_pclk               | cam_pclk                                                    |            13.9 |
| clk_fpga_0             | design_1_i/processing_system7_0/inst/FCLK_CLK_unbuffered[0] |            10.0 |
| mmcm_fbclk_out         | design_1_i/axi_dynclk_0/U0/Inst_mmcme2_drp/mmcm_fbclk_out   |            10.0 |
+------------------------+-------------------------------------------------------------+-----------------+


3. Detailed Reports
-------------------

3.1 By Hierarchy
----------------

+--------------------------+-----------+
| Name                     | Power (W) |
+--------------------------+-----------+
| design_1_wrapper         |     1.850 |
|   design_1_i             |     1.842 |
|     DVI_Transmitter_0    |     0.134 |
|       inst               |     0.134 |
|     axi_dynclk_0         |     0.109 |
|       U0                 |     0.109 |
|     axi_smc              |     0.023 |
|       inst               |     0.023 |
|     axi_vdma_0           |     0.019 |
|       U0                 |     0.019 |
|     processing_system7_0 |     1.533 |
|       inst               |     1.533 |
|     ps7_0_axi_periph     |     0.004 |
|       s00_couplers       |     0.003 |
|     v_axi4s_vid_out_0    |     0.004 |
|       inst               |     0.004 |
|     v_tc_0               |     0.014 |
|       U0                 |     0.014 |
|     v_vid_in_axi4s_0     |     0.002 |
|       inst               |     0.002 |
|   emio_sccb_tri_iobuf_0  |     0.004 |
|   emio_sccb_tri_iobuf_1  |     0.004 |
+--------------------------+-----------+


