Copyright 1986-2018 Xilinx, Inc. All Rights Reserved.
--------------------------------------------------------------------------------------------------------------------------------------------------------------------------------------
| Tool Version : Vivado v.2018.3 (win64) Build 2405991 Thu Dec  6 23:38:27 MST 2018
| Date         : Wed Oct 23 11:15:43 2019
| Host         : cx-office running 64-bit major release  (build 9200)
| Command      : report_methodology -file design_1_wrapper_methodology_drc_routed.rpt -pb design_1_wrapper_methodology_drc_routed.pb -rpx design_1_wrapper_methodology_drc_routed.rpx
| Design       : design_1_wrapper
| Device       : xc7z010clg400-1
| Speed File   : -1
| Design State : Fully Routed
--------------------------------------------------------------------------------------------------------------------------------------------------------------------------------------

Report Methodology

Table of Contents
-----------------
1. REPORT SUMMARY
2. REPORT DETAILS

1. REPORT SUMMARY
-----------------
            Netlist: netlist
          Floorplan: design_1
      Design limits: <entire design considered>
             Max violations: <unlimited>
             Violations found: 10
+-----------+----------+-------------------------------+------------+
| Rule      | Severity | Description                   | Violations |
+-----------+----------+-------------------------------+------------+
| TIMING-18 | Warning  | Missing input or output delay | 10         |
+-----------+----------+-------------------------------+------------+

2. REPORT DETAILS
-----------------
TIMING-18#1 Warning
Missing input or output delay  
An input delay is missing on cam_data[0] relative to clock(s) cam_pclk
Related violations: <none>

TIMING-18#2 Warning
Missing input or output delay  
An input delay is missing on cam_data[1] relative to clock(s) cam_pclk
Related violations: <none>

TIMING-18#3 Warning
Missing input or output delay  
An input delay is missing on cam_data[2] relative to clock(s) cam_pclk
Related violations: <none>

TIMING-18#4 Warning
Missing input or output delay  
An input delay is missing on cam_data[3] relative to clock(s) cam_pclk
Related violations: <none>

TIMING-18#5 Warning
Missing input or output delay  
An input delay is missing on cam_data[4] relative to clock(s) cam_pclk
Related violations: <none>

TIMING-18#6 Warning
Missing input or output delay  
An input delay is missing on cam_data[5] relative to clock(s) cam_pclk
Related violations: <none>

TIMING-18#7 Warning
Missing input or output delay  
An input delay is missing on cam_data[6] relative to clock(s) cam_pclk
Related violations: <none>

TIMING-18#8 Warning
Missing input or output delay  
An input delay is missing on cam_data[7] relative to clock(s) cam_pclk
Related violations: <none>

TIMING-18#9 Warning
Missing input or output delay  
An input delay is missing on cam_href relative to clock(s) cam_pclk
Related violations: <none>

TIMING-18#10 Warning
Missing input or output delay  
An input delay is missing on cam_vsync relative to clock(s) cam_pclk
Related violations: <none>


