#-----------------------------------------------------------
# Vivado v2021.1 (64-bit)
# SW Build 3247384 on Thu Jun 10 19:36:33 MDT 2021
# IP Build 3246043 on Fri Jun 11 00:30:35 MDT 2021
# Start of session at: Mon Sep 26 15:25:00 2022
# Process ID: 33000
# Current directory: F:/XILINX/FDMA_DDR/fdma_data_path/01_axi4-uifdma_ip/uisrc/03_ip/uifdma
# Command line: vivado.exe -gui_launcher_event rodinguilauncherevent35556 F:\XILINX\FDMA_DDR\fdma_data_path\01_axi4-uifdma_ip\uisrc\03_ip\uifdma\project_1.xpr
# Log file: F:/XILINX/FDMA_DDR/fdma_data_path/01_axi4-uifdma_ip/uisrc/03_ip/uifdma/vivado.log
# Journal file: F:/XILINX/FDMA_DDR/fdma_data_path/01_axi4-uifdma_ip/uisrc/03_ip/uifdma\vivado.jou
#-----------------------------------------------------------
start_gui
open_project F:/XILINX/FDMA_DDR/fdma_data_path/01_axi4-uifdma_ip/uisrc/03_ip/uifdma/project_1.xpr
WARNING: [filemgmt 56-3] Default IP Output Path : Could not find the directory 'F:/XILINX/FDMA_DDR/fdma_data_path/01_axi4-uifdma_ip/uisrc/03_ip/uifdma/project_1.gen/sources_1'.
Scanning sources...
Finished scanning sources
INFO: [IP_Flow 19-234] Refreshing IP repositories
INFO: [IP_Flow 19-1700] Loaded user IP repository 'f:/XILINX/FDMA_DDR/fdma_data_path/01_axi4-uifdma_ip/uisrc/03_ip/uifdma'.
INFO: [IP_Flow 19-2313] Loaded Vivado IP repository 'D:/Xilinx/Vivado/2021.1/data/ip'.
open_project: Time (s): cpu = 00:00:11 ; elapsed = 00:00:05 . Memory (MB): peak = 1229.109 ; gain = 0.000
update_compile_order -fileset sources_1
ipx::open_ipxact_file {F:\xilinx\fdma_ddr\fdma_data_path\01_axi4-uifdma_ip\uisrc\03_ip\uifdma\component.xml}
WARNING: [IP_Flow 19-5226] Project source file 'f:/xilinx/fdma_ddr/fdma_data_path/01_axi4-uifdma_ip/uisrc/03_ip/uifdma/component.xml' ignored by IP packager.
WARNING: [IP_Flow 19-3898] File Group 'xilinx_anylanguagesynthesis (Synthesis)': File 'f:/xilinx/fdma_ddr/fdma_data_path/01_axi4-uifdma_ip/uisrc/03_ip/uifdma/uiFDMA.v' is not found in the project sources. It will be removed from the packaged IP when the sources are merged. If still required, please add this file to the project and re-package.
WARNING: [IP_Flow 19-3898] File Group 'xilinx_anylanguagebehavioralsimulation (Simulation)': File 'f:/xilinx/fdma_ddr/fdma_data_path/01_axi4-uifdma_ip/uisrc/03_ip/uifdma/uiFDMA.v' is not found in the project sources. It will be removed from the packaged IP when the sources are merged. If still required, please add this file to the project and re-package.
ipx::merge_project_changes ports [ipx::current_core]
WARNING: [IP_Flow 19-5226] Project source file 'f:/xilinx/fdma_ddr/fdma_data_path/01_axi4-uifdma_ip/uisrc/03_ip/uifdma/component.xml' ignored by IP packager.
WARNING: [IP_Flow 19-587] [HDL Parser] HDL port or parameter 'axi_wburst_size' has a dependency on the module local parameter or undefined parameter 'AXI_BYTES'.
WARNING: [IP_Flow 19-587] [HDL Parser] HDL port or parameter 'axi_rburst_size' has a dependency on the module local parameter or undefined parameter 'AXI_BYTES'.
INFO: [IP_Flow 19-3164] Bus Interface 'M_AXI': References existing address space 'M_AXI'.
set_property widget {textEdit} [ipgui::get_guiparamspec -name "M_AXI_MAX_BURST_LEN" -component [ipx::current_core] ]
set_property value 64 [ipx::get_user_parameters M_AXI_MAX_BURST_LEN -of_objects [ipx::current_core]]
set_property value 64 [ipx::get_hdl_parameters M_AXI_MAX_BURST_LEN -of_objects [ipx::current_core]]
set_property widget {textEdit} [ipgui::get_guiparamspec -name "M_AXI_ID_WIDTH" -component [ipx::current_core] ]
set_property value 3 [ipx::get_user_parameters M_AXI_ID_WIDTH -of_objects [ipx::current_core]]
set_property value 3 [ipx::get_hdl_parameters M_AXI_ID_WIDTH -of_objects [ipx::current_core]]
set_property core_revision 10 [ipx::current_core]
ipx::create_xgui_files [ipx::current_core]
ipx::update_checksums [ipx::current_core]
ipx::check_integrity [ipx::current_core]
INFO: [IP_Flow 19-2181] Payment Required is not set for this core.
INFO: [IP_Flow 19-2187] The Product Guide file is missing.
INFO: [Ipptcl 7-1486] check_integrity: Integrity check passed.
ipx::save_core [ipx::current_core]
update_ip_catalog -rebuild -repo_path f:/XILINX/FDMA_DDR/fdma_data_path/01_axi4-uifdma_ip/uisrc/03_ip/uifdma
INFO: [IP_Flow 19-725] Reloaded user IP repository 'f:/XILINX/FDMA_DDR/fdma_data_path/01_axi4-uifdma_ip/uisrc/03_ip/uifdma'
ipx::update_checksums [ipx::current_core]
ipx::save_core [ipx::current_core]
ipx::merge_project_changes ports [ipx::current_core]
WARNING: [IP_Flow 19-5226] Project source file 'f:/xilinx/fdma_ddr/fdma_data_path/01_axi4-uifdma_ip/uisrc/03_ip/uifdma/component.xml' ignored by IP packager.
WARNING: [IP_Flow 19-587] [HDL Parser] HDL port or parameter 'axi_wburst_size' has a dependency on the module local parameter or undefined parameter 'AXI_BYTES'.
WARNING: [IP_Flow 19-587] [HDL Parser] HDL port or parameter 'axi_rburst_size' has a dependency on the module local parameter or undefined parameter 'AXI_BYTES'.
INFO: [IP_Flow 19-3164] Bus Interface 'M_AXI': References existing address space 'M_AXI'.
set_property core_revision 11 [ipx::current_core]
ipx::create_xgui_files [ipx::current_core]
ipx::update_checksums [ipx::current_core]
ipx::check_integrity [ipx::current_core]
INFO: [IP_Flow 19-2181] Payment Required is not set for this core.
INFO: [IP_Flow 19-2187] The Product Guide file is missing.
INFO: [Ipptcl 7-1486] check_integrity: Integrity check passed.
ipx::save_core [ipx::current_core]
update_ip_catalog -rebuild -repo_path f:/XILINX/FDMA_DDR/fdma_data_path/01_axi4-uifdma_ip/uisrc/03_ip/uifdma
INFO: [IP_Flow 19-725] Reloaded user IP repository 'f:/XILINX/FDMA_DDR/fdma_data_path/01_axi4-uifdma_ip/uisrc/03_ip/uifdma'
exit
INFO: [Common 17-206] Exiting Vivado at Mon Sep 26 17:41:02 2022...
