#-----------------------------------------------------------
# Vivado v2020.2 (64-bit)
# SW Build 3064766 on Wed Nov 18 09:12:45 MST 2020
# IP Build 3064653 on Wed Nov 18 14:17:31 MST 2020
# Start of session at: Sun Jun 27 15:30:19 2021
# Process ID: 39440
# Current directory: G:/ZU07A/EG/soc/02_axi_bus_7eg/07_axi_full_fdma2axi_slave/uisrc/03_ip/uifdma
# Command line: vivado.exe -gui_launcher_event rodinguilauncherevent40236 G:\ZU07A\EG\soc\02_axi_bus_7eg\07_axi_full_fdma2axi_slave\uisrc\03_ip\uifdma\project_1.xpr
# Log file: G:/ZU07A/EG/soc/02_axi_bus_7eg/07_axi_full_fdma2axi_slave/uisrc/03_ip/uifdma/vivado.log
# Journal file: G:/ZU07A/EG/soc/02_axi_bus_7eg/07_axi_full_fdma2axi_slave/uisrc/03_ip/uifdma\vivado.jou
#-----------------------------------------------------------
start_gui
open_project G:/ZU07A/EG/soc/02_axi_bus_7eg/07_axi_full_fdma2axi_slave/uisrc/03_ip/uifdma/project_1.xpr
WARNING: [filemgmt 56-3] Default IP Output Path : Could not find the directory 'G:/ZU07A/EG/soc/02_axi_bus_7eg/07_axi_full_fdma2axi_slave/uisrc/03_ip/uifdma/project_1.gen/sources_1'.
Scanning sources...
Finished scanning sources
INFO: [IP_Flow 19-234] Refreshing IP repositories
INFO: [IP_Flow 19-1700] Loaded user IP repository 'g:/ZU07A/EG/soc/02_axi_bus_7eg/07_axi_full_fdma2axi_slave/uisrc/03_ip/uifdma'.
INFO: [IP_Flow 19-2313] Loaded Vivado IP repository 'D:/Xilinx/Vivado/2020.2/data/ip'.
open_project: Time (s): cpu = 00:00:11 ; elapsed = 00:00:06 . Memory (MB): peak = 1101.457 ; gain = 0.000
update_compile_order -fileset sources_1
ipx::open_ipxact_file {G:\zu07a\eg\soc\02_axi_bus_7eg\07_axi_full_fdma2axi_slave\uisrc\03_ip\uifdma\component.xml}
WARNING: [IP_Flow 19-5226] Project source file 'g:/zu07a/eg/soc/02_axi_bus_7eg/07_axi_full_fdma2axi_slave/uisrc/03_ip/uifdma/component.xml' ignored by IP packager.
WARNING: [IP_Flow 19-3898] File Group 'xilinx_anylanguagesynthesis (Synthesis)': File 'g:/zu07a/eg/soc/02_axi_bus_7eg/07_axi_full_fdma2axi_slave/uisrc/03_ip/uifdma/uiFDMA.v' is not found in the project sources. It will be removed from the packaged IP when the sources are merged. If still required, please add this file to the project and re-package.
WARNING: [IP_Flow 19-3898] File Group 'xilinx_anylanguagebehavioralsimulation (Simulation)': File 'g:/zu07a/eg/soc/02_axi_bus_7eg/07_axi_full_fdma2axi_slave/uisrc/03_ip/uifdma/uiFDMA.v' is not found in the project sources. It will be removed from the packaged IP when the sources are merged. If still required, please add this file to the project and re-package.
ipx::merge_project_changes ports [ipx::current_core]
WARNING: [IP_Flow 19-5226] Project source file 'g:/zu07a/eg/soc/02_axi_bus_7eg/07_axi_full_fdma2axi_slave/uisrc/03_ip/uifdma/component.xml' ignored by IP packager.
WARNING: [IP_Flow 19-587] [HDL Parser] HDL port or parameter 'axi_wburst_size' has a dependency on the module local parameter or undefined parameter 'AXI_BYTES'.
WARNING: [IP_Flow 19-587] [HDL Parser] HDL port or parameter 'axi_rburst_size' has a dependency on the module local parameter or undefined parameter 'AXI_BYTES'.
INFO: [IP_Flow 19-3164] Bus Interface 'M_AXI': References existing address space 'M_AXI'.
set_property core_revision 3 [ipx::current_core]
ipx::create_xgui_files [ipx::current_core]
ipx::update_checksums [ipx::current_core]
ipx::check_integrity [ipx::current_core]
INFO: [IP_Flow 19-2181] Payment Required is not set for this core.
INFO: [IP_Flow 19-2187] The Product Guide file is missing.
INFO: [Ipptcl 7-1486] check_integrity: Integrity check passed.
ipx::save_core [ipx::current_core]
update_ip_catalog -rebuild -repo_path g:/ZU07A/EG/soc/02_axi_bus_7eg/07_axi_full_fdma2axi_slave/uisrc/03_ip/uifdma
INFO: [IP_Flow 19-725] Reloaded user IP repository 'g:/ZU07A/EG/soc/02_axi_bus_7eg/07_axi_full_fdma2axi_slave/uisrc/03_ip/uifdma'
ERROR: [Common 17-180] Spawn failed: No error
ERROR: [Common 17-180] Spawn failed: No error
exit
INFO: [Common 17-206] Exiting Vivado at Sun Jun 27 16:03:00 2021...
