Copyright 1986-2020 Xilinx, Inc. All Rights Reserved.
------------------------------------------------------------------------------------
| Tool Version : Vivado v.2020.2 (win64) Build 3064766 Wed Nov 18 09:12:45 MST 2020
| Date         : Sun Dec 22 15:35:21 2024
| Host         : DESKTOP-3OAFHV8 running 64-bit major release  (build 9200)
| Command      : upgrade_ip
| Device       : xc7z010clg400-1
------------------------------------------------------------------------------------

Upgrade Log for IP 'design_0716_1_xlconcat_0_0'

1. Summary
----------

SUCCESS in the upgrade of design_0716_1_xlconcat_0_0 (xilinx.com:ip:xlconcat:2.1) from (Rev. 3) to (Rev. 4)






Copyright 1986-2020 Xilinx, Inc. All Rights Reserved.
------------------------------------------------------------------------------------
| Tool Version : Vivado v.2020.2 (win64) Build 3064766 Wed Nov 18 09:12:45 MST 2020
| Date         : Sun Dec 22 15:35:21 2024
| Host         : DESKTOP-3OAFHV8 running 64-bit major release  (build 9200)
| Command      : upgrade_ip
| Device       : xc7z010clg400-1
------------------------------------------------------------------------------------

Upgrade Log for IP 'design_0716_1_ps7_0_axi_periph_0'

1. Summary
----------

SUCCESS in the upgrade of design_0716_1_ps7_0_axi_periph_0 (xilinx.com:ip:axi_interconnect:2.1) from (Rev. 21) to (Rev. 23)






Copyright 1986-2020 Xilinx, Inc. All Rights Reserved.
------------------------------------------------------------------------------------
| Tool Version : Vivado v.2020.2 (win64) Build 3064766 Wed Nov 18 09:12:45 MST 2020
| Date         : Sun Dec 22 15:35:21 2024
| Host         : DESKTOP-3OAFHV8 running 64-bit major release  (build 9200)
| Command      : upgrade_ip
| Device       : xc7z010clg400-1
------------------------------------------------------------------------------------

Upgrade Log for IP 'design_0716_1_axi_mem_intercon_0'

1. Summary
----------

SUCCESS in the upgrade of design_0716_1_axi_mem_intercon_0 (xilinx.com:ip:axi_interconnect:2.1) from (Rev. 21) to (Rev. 23)






Copyright 1986-2020 Xilinx, Inc. All Rights Reserved.
------------------------------------------------------------------------------------
| Tool Version : Vivado v.2020.2 (win64) Build 3064766 Wed Nov 18 09:12:45 MST 2020
| Date         : Sun Dec 22 15:35:21 2024
| Host         : DESKTOP-3OAFHV8 running 64-bit major release  (build 9200)
| Command      : upgrade_ip
| Device       : xc7z010clg400-1
------------------------------------------------------------------------------------

Upgrade Log for IP 'design_0716_1_axi_dma_0_0'

1. Summary
----------

SUCCESS in the upgrade of design_0716_1_axi_dma_0_0 (xilinx.com:ip:axi_dma:7.1) from (Rev. 21) to (Rev. 23)






Copyright 1986-2020 Xilinx, Inc. All Rights Reserved.
------------------------------------------------------------------------------------
| Tool Version : Vivado v.2020.2 (win64) Build 3064766 Wed Nov 18 09:12:45 MST 2020
| Date         : Sun Dec 22 15:35:21 2024
| Host         : DESKTOP-3OAFHV8 running 64-bit major release  (build 9200)
| Command      : upgrade_ip
| Device       : xc7z010clg400-1
------------------------------------------------------------------------------------

Upgrade Log for IP 'design_0716_1_Bic_top_0_0'

1. Summary
----------

SUCCESS in the conversion of design_0716_1_Bic_top_0_0 (xilinx.com:module_ref:Bic_top:1.0 (Rev. 1)) to Vivado generation flows.

