21:51:28 INFO  : Registering command handlers for Vitis TCF services
21:51:28 INFO  : Launching XSCT server: xsct.bat -n  -interactive D:\github_project\zyqn\zyqn\ov5640_hdmi_2\vitis\temp_xsdb_launch_script.tcl
21:51:31 INFO  : XSCT server has started successfully.
21:51:31 INFO  : Platform repository initialization has completed.
21:51:36 INFO  : plnx-install-location is set to ''
21:51:36 INFO  : Successfully done setting XSCT server connection channel  
21:51:36 INFO  : Successfully done query RDI_DATADIR 
21:51:37 INFO  : Successfully done setting workspace for the tool. 
21:53:38 INFO  : Result from executing command 'getProjects': design_1_wrapper
21:53:38 INFO  : Result from executing command 'getPlatforms': 
21:53:38 WARN  : An unexpected exception occurred in the module 'platform project logging'
21:53:39 INFO  : Platform 'design_1_wrapper' is added to custom repositories.
21:53:45 INFO  : Platform 'design_1_wrapper' is added to custom repositories.
21:58:58 INFO  : Result from executing command 'getProjects': design_1_wrapper
21:58:58 INFO  : Result from executing command 'getPlatforms': design_1_wrapper|D:/github_project/zyqn/zyqn/ov5640_hdmi_2/vitis/design_1_wrapper/export/design_1_wrapper/design_1_wrapper.xpfm
21:58:58 INFO  : Checking for BSP changes to sync application flags for project 'ov640_hmi_2'...
21:59:52 INFO  : Hardware specification for platform project 'design_1_wrapper' is updated.
22:00:00 INFO  : Result from executing command 'getProjects': design_1_wrapper
22:00:00 INFO  : Result from executing command 'getPlatforms': design_1_wrapper|D:/github_project/zyqn/zyqn/ov5640_hdmi_2/vitis/design_1_wrapper/export/design_1_wrapper/design_1_wrapper.xpfm
22:00:00 INFO  : Checking for BSP changes to sync application flags for project 'ov640_hmi_2'...
22:07:39 INFO  : Checking for BSP changes to sync application flags for project 'ov640_hmi_2'...
22:08:15 INFO  : Checking for BSP changes to sync application flags for project 'ov640_hmi_2'...
22:09:04 INFO  : Checking for BSP changes to sync application flags for project 'ov640_hmi_2'...
22:14:06 INFO  : Checking for BSP changes to sync application flags for project 'ov640_hmi_2'...
22:14:38 INFO  : Checking for BSP changes to sync application flags for project 'ov640_hmi_2'...
22:16:10 INFO  : Checking for BSP changes to sync application flags for project 'ov640_hmi_2'...
22:24:48 INFO  : Checking for BSP changes to sync application flags for project 'ov640_hmi_2'...
22:25:10 INFO  : Connected to target on host '127.0.0.1' and port '3121'.
22:25:11 INFO  : Jtag cable 'Digilent JTAG-HS1 210512180081' is selected.
22:25:11 INFO  : 'jtag frequency' command is executed.
22:25:11 INFO  : Context for 'APU' is selected.
22:25:11 INFO  : System reset is completed.
22:25:14 INFO  : 'after 3000' command is executed.
22:25:14 INFO  : 'targets -set -filter {jtag_cable_name =~ "Digilent JTAG-HS1 210512180081" && level==0 && jtag_device_ctx=="jsn-JTAG-HS1-210512180081-13722093-0"}' command is executed.
22:25:16 INFO  : Device configured successfully with "D:/github_project/zyqn/zyqn/ov5640_hdmi_2/vitis/ov640_hmi_2/_ide/bitstream/design_1_wrapper.bit"
22:25:16 INFO  : Context for 'APU' is selected.
22:25:16 INFO  : Hardware design and registers information is loaded from 'D:/github_project/zyqn/zyqn/ov5640_hdmi_2/vitis/design_1_wrapper/export/design_1_wrapper/hw/design_1_wrapper.xsa'.
22:25:16 INFO  : 'configparams force-mem-access 1' command is executed.
22:25:16 INFO  : Context for 'APU' is selected.
22:25:16 INFO  : Sourcing of 'D:/github_project/zyqn/zyqn/ov5640_hdmi_2/vitis/ov640_hmi_2/_ide/psinit/ps7_init.tcl' is done.
22:25:17 INFO  : 'ps7_init' command is executed.
22:25:17 INFO  : 'ps7_post_config' command is executed.
22:25:17 INFO  : Context for processor 'ps7_cortexa9_0' is selected.
22:25:17 INFO  : The application 'D:/github_project/zyqn/zyqn/ov5640_hdmi_2/vitis/ov640_hmi_2/Debug/ov640_hmi_2.elf' is downloaded to processor 'ps7_cortexa9_0'.
22:25:17 INFO  : 'configparams force-mem-access 0' command is executed.
22:25:17 INFO  : ----------------XSDB Script----------------
connect -url tcp:127.0.0.1:3121
targets -set -nocase -filter {name =~"APU*"}
rst -system
after 3000
targets -set -filter {jtag_cable_name =~ "Digilent JTAG-HS1 210512180081" && level==0 && jtag_device_ctx=="jsn-JTAG-HS1-210512180081-13722093-0"}
fpga -file D:/github_project/zyqn/zyqn/ov5640_hdmi_2/vitis/ov640_hmi_2/_ide/bitstream/design_1_wrapper.bit
targets -set -nocase -filter {name =~"APU*"}
loadhw -hw D:/github_project/zyqn/zyqn/ov5640_hdmi_2/vitis/design_1_wrapper/export/design_1_wrapper/hw/design_1_wrapper.xsa -mem-ranges [list {0x40000000 0xbfffffff}] -regs
configparams force-mem-access 1
targets -set -nocase -filter {name =~"APU*"}
source D:/github_project/zyqn/zyqn/ov5640_hdmi_2/vitis/ov640_hmi_2/_ide/psinit/ps7_init.tcl
ps7_init
ps7_post_config
targets -set -nocase -filter {name =~ "*A9*#0"}
dow D:/github_project/zyqn/zyqn/ov5640_hdmi_2/vitis/ov640_hmi_2/Debug/ov640_hmi_2.elf
configparams force-mem-access 0
----------------End of Script----------------

22:25:17 INFO  : Context for processor 'ps7_cortexa9_0' is selected.
22:25:17 INFO  : 'con' command is executed.
22:25:17 INFO  : ----------------XSDB Script (After Launch)----------------
targets -set -nocase -filter {name =~ "*A9*#0"}
con
----------------End of Script----------------

22:25:17 INFO  : Launch script is exported to file 'D:\github_project\zyqn\zyqn\ov5640_hdmi_2\vitis\ov640_hmi_2_system\_ide\scripts\systemdebugger_ov640_hmi_2_system_standalone.tcl'
22:25:46 INFO  : Disconnected from the channel tcfchan#3.
