#-----------------------------------------------------------
# Vivado v2020.2 (64-bit)
# SW Build 3064766 on Wed Nov 18 09:12:45 MST 2020
# IP Build 3064653 on Wed Nov 18 14:17:31 MST 2020
# Start of session at: Fri Dec 27 22:44:20 2024
# Process ID: 37996
# Current directory: D:/github_project/zyqn/zyqn/ov5640_hdmi_2
# Command line: vivado.exe -gui_launcher_event rodinguilauncherevent35104 D:\github_project\zyqn\zyqn\ov5640_hdmi_2\ov5640_hdmi_2.xpr
# Log file: D:/github_project/zyqn/zyqn/ov5640_hdmi_2/vivado.log
# Journal file: D:/github_project/zyqn/zyqn/ov5640_hdmi_2\vivado.jou
#-----------------------------------------------------------
start_gui
open_project D:/github_project/zyqn/zyqn/ov5640_hdmi_2/ov5640_hdmi_2.xpr
Scanning sources...
Finished scanning sources
INFO: [IP_Flow 19-234] Refreshing IP repositories
INFO: [IP_Flow 19-1700] Loaded user IP repository 'd:/github_project/zyqn/zyqn/25_ov5640_hdmi/ip_repo'.
INFO: [IP_Flow 19-2313] Loaded Vivado IP repository 'D:/Xilinx/Vivado/2020.2/data/ip'.
open_project: Time (s): cpu = 00:00:07 ; elapsed = 00:00:09 . Memory (MB): peak = 1137.219 ; gain = 0.000
exit
INFO: [Common 17-206] Exiting Vivado at Fri Dec 27 22:44:45 2024...
