#-----------------------------------------------------------
# Vivado v2020.2 (64-bit)
# SW Build 3064766 on Wed Nov 18 09:12:45 MST 2020
# IP Build 3064653 on Wed Nov 18 14:17:31 MST 2020
# Start of session at: Fri Dec 27 21:32:20 2024
# Process ID: 25456
# Current directory: D:/BaiduNetdiskDownload/【正点原子】启明星ZYNQ开发板资料 资料盘(A盘)/启明星ZYNQ开发板资料盘(A盘)/4_SourceCode/2_Embedded_System/ZYNQ_7010_SDK/ZYNQ_7010_SDK/25_ov5640_hdmi
# Command line: vivado.exe -gui_launcher_event rodinguilauncherevent20152 D:\BaiduNetdiskDownload\【正点原子】启明星ZYNQ开发板资料 资料盘(A盘)\启明星ZYNQ开发板资料盘(A盘)\4_SourceCode\2_Embedded_System\ZYNQ_7010_SDK\ZYNQ_7010_SDK\25_ov5640_hdmi\ov5640_hdmi.xpr
# Log file: D:/BaiduNetdiskDownload/【正点原子】启明星ZYNQ开发板资料 资料盘(A盘)/启明星ZYNQ开发板资料盘(A盘)/4_SourceCode/2_Embedded_System/ZYNQ_7010_SDK/ZYNQ_7010_SDK/25_ov5640_hdmi/vivado.log
# Journal file: D:/BaiduNetdiskDownload/【正点原子】启明星ZYNQ开发板资料 资料盘(A盘)/启明星ZYNQ开发板资料盘(A盘)/4_SourceCode/2_Embedded_System/ZYNQ_7010_SDK/ZYNQ_7010_SDK/25_ov5640_hdmi\vivado.jou
#-----------------------------------------------------------
start_gui
open_project {D:/BaiduNetdiskDownload/【正点原子】启明星ZYNQ开发板资料 资料盘(A盘)/启明星ZYNQ开发板资料盘(A盘)/4_SourceCode/2_Embedded_System/ZYNQ_7010_SDK/ZYNQ_7010_SDK/25_ov5640_hdmi/ov5640_hdmi.xpr}
INFO: [ProjectBase 1-489] The host OS only allows 260 characters in a normal path. The project is stored in a path with more than 80 characters. If you experience issues with IP, Block Designs, or files not being found, please consider moving the project to a location with a shorter path. Alternately consider using the OS subst command to map part of the path to a drive letter.
Current project path is 'D:/BaiduNetdiskDownload/【正点原子】启明星ZYNQ开发板资料 资料盘(A盘)/启明星ZYNQ开发板资料盘(A盘)/4_SourceCode/2_Embedded_System/ZYNQ_7010_SDK/ZYNQ_7010_SDK/25_ov5640_hdmi'
INFO: [Project 1-313] Project file moved from 'F:/ZYNQ/Embedded_System/ov5640_hdmi' since last save.
Scanning sources...
Finished scanning sources
INFO: [IP_Flow 19-234] Refreshing IP repositories
INFO: [IP_Flow 19-1700] Loaded user IP repository 'd:/BaiduNetdiskDownload/【正点原子】启明星ZYNQ开发板资料 资料盘(A盘)/启明星ZYNQ开发板资料盘(A盘)/4_SourceCode/2_Embedded_System/ZYNQ_7010_SDK/ZYNQ_7010_SDK/25_ov5640_hdmi/ip_repo'.
INFO: [IP_Flow 19-2313] Loaded Vivado IP repository 'D:/Xilinx/Vivado/2020.2/data/ip'.
WARNING: [IP_Flow 19-3664] IP 'design_1_processing_system7_0_0' generated file not found 'd:/BaiduNetdiskDownload/【正点原子】启明星ZYNQ开发板资料 资料盘(A盘)/启明星ZYNQ开发板资料盘(A盘)/4_SourceCode/2_Embedded_System/ZYNQ_7010_SDK/ZYNQ_7010_SDK/25_ov5640_hdmi/ov5640_hdmi.srcs/sources_1/bd/design_1/ip/design_1_processing_system7_0_0/hdl/verilog/design_1_processing_system7_0_0.hwdef'. Please regenerate to continue.
WARNING: [IP_Flow 19-3664] IP 'design_1_processing_system7_0_0' generated file not found 'd:/BaiduNetdiskDownload/【正点原子】启明星ZYNQ开发板资料 资料盘(A盘)/启明星ZYNQ开发板资料盘(A盘)/4_SourceCode/2_Embedded_System/ZYNQ_7010_SDK/ZYNQ_7010_SDK/25_ov5640_hdmi/ov5640_hdmi.srcs/sources_1/bd/design_1/ip/design_1_processing_system7_0_0/hdl/verilog/processing_system7_v5_5_processing_system7.v'. Please regenerate to continue.
WARNING: [IP_Flow 19-3664] IP 'design_1_processing_system7_0_0' generated file not found 'd:/BaiduNetdiskDownload/【正点原子】启明星ZYNQ开发板资料 资料盘(A盘)/启明星ZYNQ开发板资料盘(A盘)/4_SourceCode/2_Embedded_System/ZYNQ_7010_SDK/ZYNQ_7010_SDK/25_ov5640_hdmi/ov5640_hdmi.srcs/sources_1/bd/design_1/ip/design_1_processing_system7_0_0/design_1_processing_system7_0_0_sim_netlist.v'. Please regenerate to continue.
WARNING: [IP_Flow 19-3664] IP 'design_1_processing_system7_0_0' generated file not found 'd:/BaiduNetdiskDownload/【正点原子】启明星ZYNQ开发板资料 资料盘(A盘)/启明星ZYNQ开发板资料盘(A盘)/4_SourceCode/2_Embedded_System/ZYNQ_7010_SDK/ZYNQ_7010_SDK/25_ov5640_hdmi/ov5640_hdmi.srcs/sources_1/bd/design_1/ip/design_1_processing_system7_0_0/design_1_processing_system7_0_0_sim_netlist.vhdl'. Please regenerate to continue.
WARNING: [IP_Flow 19-3664] IP 'design_1_ov5640_capture_data_0_1' generated file not found 'd:/BaiduNetdiskDownload/【正点原子】启明星ZYNQ开发板资料 资料盘(A盘)/启明星ZYNQ开发板资料盘(A盘)/4_SourceCode/2_Embedded_System/ZYNQ_7010_SDK/ZYNQ_7010_SDK/25_ov5640_hdmi/ov5640_hdmi.srcs/sources_1/bd/design_1/ip/design_1_ov5640_capture_data_0_1/design_1_ov5640_capture_data_0_1_stub.vhdl'. Please regenerate to continue.
WARNING: [IP_Flow 19-3664] IP 'design_1_ov5640_capture_data_0_1' generated file not found 'd:/BaiduNetdiskDownload/【正点原子】启明星ZYNQ开发板资料 资料盘(A盘)/启明星ZYNQ开发板资料盘(A盘)/4_SourceCode/2_Embedded_System/ZYNQ_7010_SDK/ZYNQ_7010_SDK/25_ov5640_hdmi/ov5640_hdmi.srcs/sources_1/bd/design_1/ip/design_1_ov5640_capture_data_0_1/design_1_ov5640_capture_data_0_1_sim_netlist.v'. Please regenerate to continue.
WARNING: [IP_Flow 19-3664] IP 'design_1_ov5640_capture_data_0_1' generated file not found 'd:/BaiduNetdiskDownload/【正点原子】启明星ZYNQ开发板资料 资料盘(A盘)/启明星ZYNQ开发板资料盘(A盘)/4_SourceCode/2_Embedded_System/ZYNQ_7010_SDK/ZYNQ_7010_SDK/25_ov5640_hdmi/ov5640_hdmi.srcs/sources_1/bd/design_1/ip/design_1_ov5640_capture_data_0_1/design_1_ov5640_capture_data_0_1_sim_netlist.vhdl'. Please regenerate to continue.
WARNING: [BD 41-1661] One or more IPs have been locked in the design 'design_1.bd'. Please run report_ip_status for more details and recommendations on how to fix this issue.
List of locked IPs:
design_1_axi_vdma_0_0
design_1_v_tc_0_0
design_1_v_axi4s_vid_out_0_0
design_1_axi_smc_0
design_1_xbar_0
design_1_ps7_0_axi_periph_0
design_1_auto_pc_0

INFO: [Project 1-230] Project 'ov5640_hdmi.xpr' upgraded for this version of Vivado.
open_project: Time (s): cpu = 00:00:05 ; elapsed = 00:00:10 . Memory (MB): peak = 1115.266 ; gain = 0.000
update_compile_order -fileset sources_1
exit
INFO: [Common 17-206] Exiting Vivado at Fri Dec 27 21:33:13 2024...
