#-----------------------------------------------------------
# Vivado v2018.3 (64-bit)
# SW Build 2405991 on Thu Dec  6 23:38:27 MST 2018
# IP Build 2404404 on Fri Dec  7 01:43:56 MST 2018
# Start of session at: Wed Oct 23 10:59:04 2019
# Process ID: 7696
# Current directory: F:/ZYNQ/领航者7020/ov5640_hdmi
# Command line: vivado.exe -gui_launcher_event rodinguilauncherevent588 F:\ZYNQ\领航者7020\ov5640_hdmi\ov5640_hdmi.xpr
# Log file: F:/ZYNQ/领航者7020/ov5640_hdmi/vivado.log
# Journal file: F:/ZYNQ/领航者7020/ov5640_hdmi\vivado.jou
#-----------------------------------------------------------
start_gui
open_project F:/ZYNQ/领航者7020/ov5640_hdmi/ov5640_hdmi.xpr
Scanning sources...
Finished scanning sources
INFO: [IP_Flow 19-234] Refreshing IP repositories
INFO: [IP_Flow 19-1700] Loaded user IP repository 'f:/ZYNQ/领航者7020/ov5640_hdmi/ip_repo'.
INFO: [IP_Flow 19-2313] Loaded Vivado IP repository 'D:/EDA/xilinx/Vivado/2018.3/data/ip'.
WARNING: [BD 41-1661] One or more IPs have been locked in the design 'design_1.bd'. Please run report_ip_status for more details and recommendations on how to fix this issue.
List of locked IPs:
design_1_processing_system7_0_0
design_1_axi_vdma_0_0
design_1_axi_dynclk_0_0
design_1_v_vid_in_axi4s_0_0
design_1_v_tc_0_0
design_1_v_axi4s_vid_out_0_0
design_1_rst_ps7_0_50M_0
design_1_axi_smc_0
design_1_ps7_0_axi_periph_0
design_1_ov5640_capture_data_0_1
design_1_DVI_Transmitter_0_0
design_1_xbar_0
design_1_auto_pc_0

open_project: Time (s): cpu = 00:00:19 ; elapsed = 00:00:11 . Memory (MB): peak = 811.906 ; gain = 200.848
exit
INFO: [Common 17-206] Exiting Vivado at Wed Oct 23 10:59:32 2019...
