#-----------------------------------------------------------
# Vivado v2018.3 (64-bit)
# SW Build 2405991 on Thu Dec  6 23:38:27 MST 2018
# IP Build 2404404 on Fri Dec  7 01:43:56 MST 2018
# Start of session at: Wed Oct 23 17:45:44 2019
# Process ID: 1796
# Current directory: F:/ZYNQ PS/ZYNQ_7010/ov5640_hdmi
# Command line: vivado.exe -gui_launcher_event rodinguilauncherevent6360 F:\ZYNQ PS\ZYNQ_7010\ov5640_hdmi\ov5640_hdmi.xpr
# Log file: F:/ZYNQ PS/ZYNQ_7010/ov5640_hdmi/vivado.log
# Journal file: F:/ZYNQ PS/ZYNQ_7010/ov5640_hdmi\vivado.jou
#-----------------------------------------------------------
start_gui
open_project {F:/ZYNQ PS/ZYNQ_7010/ov5640_hdmi/ov5640_hdmi.xpr}
INFO: [Project 1-313] Project file moved from 'F:/ZYNQ/Embedded_System/ov5640_hdmi' since last save.
Scanning sources...
Finished scanning sources
INFO: [IP_Flow 19-234] Refreshing IP repositories
INFO: [IP_Flow 19-1700] Loaded user IP repository 'f:/ZYNQ PS/ZYNQ_7010/ov5640_hdmi/ip_repo'.
INFO: [IP_Flow 19-2313] Loaded Vivado IP repository 'C:/Xilinx/Vivado/2018.3/data/ip'.
open_project: Time (s): cpu = 00:00:16 ; elapsed = 00:00:09 . Memory (MB): peak = 782.969 ; gain = 176.863
update_compile_order -fileset sources_1
exit
INFO: [Common 17-206] Exiting Vivado at Wed Oct 23 17:46:31 2019...
